{"C:\\Users\\vinic\\OneDrive\\Desafio Profissional 5\\prova-Desafio\\src\\app.ts": {"path":"C:\\Users\\vinic\\OneDrive\\Desafio Profissional 5\\prova-Desafio\\src\\app.ts","all":false,"statementMap":{"0":{"start":{"line":1,"column":0},"end":{"line":1,"column":29}},"1":{"start":{"line":2,"column":0},"end":{"line":2,"column":31}},"2":{"start":{"line":3,"column":0},"end":{"line":3,"column":59}},"3":{"start":{"line":4,"column":0},"end":{"line":4,"column":60}},"4":{"start":{"line":5,"column":0},"end":{"line":5,"column":55}},"5":{"start":{"line":6,"column":0},"end":{"line":6,"column":37}},"6":{"start":{"line":7,"column":0},"end":{"line":7,"column":0}},"7":{"start":{"line":8,"column":0},"end":{"line":8,"column":11}},"8":{"start":{"line":9,"column":0},"end":{"line":9,"column":32}},"9":{"start":{"line":10,"column":0},"end":{"line":10,"column":0}},"10":{"start":{"line":11,"column":0},"end":{"line":11,"column":19}},"11":{"start":{"line":12,"column":0},"end":{"line":12,"column":32}},"12":{"start":{"line":13,"column":0},"end":{"line":13,"column":23}},"13":{"start":{"line":14,"column":0},"end":{"line":14,"column":25}},"14":{"start":{"line":15,"column":0},"end":{"line":15,"column":5}},"15":{"start":{"line":16,"column":0},"end":{"line":16,"column":0}},"16":{"start":{"line":17,"column":0},"end":{"line":17,"column":32}},"17":{"start":{"line":18,"column":0},"end":{"line":18,"column":40}},"18":{"start":{"line":19,"column":0},"end":{"line":19,"column":55}},"19":{"start":{"line":20,"column":0},"end":{"line":20,"column":53}},"20":{"start":{"line":21,"column":0},"end":{"line":21,"column":53}},"21":{"start":{"line":22,"column":0},"end":{"line":22,"column":50}},"22":{"start":{"line":23,"column":0},"end":{"line":23,"column":5}},"23":{"start":{"line":24,"column":0},"end":{"line":24,"column":0}},"24":{"start":{"line":25,"column":0},"end":{"line":25,"column":30}},"25":{"start":{"line":26,"column":0},"end":{"line":26,"column":13}},"26":{"start":{"line":27,"column":0},"end":{"line":27,"column":45}},"27":{"start":{"line":28,"column":0},"end":{"line":28,"column":71}},"28":{"start":{"line":29,"column":0},"end":{"line":29,"column":53}},"29":{"start":{"line":30,"column":0},"end":{"line":30,"column":25}},"30":{"start":{"line":31,"column":0},"end":{"line":31,"column":70}},"31":{"start":{"line":32,"column":0},"end":{"line":32,"column":9}},"32":{"start":{"line":33,"column":0},"end":{"line":33,"column":5}},"33":{"start":{"line":34,"column":0},"end":{"line":34,"column":0}},"34":{"start":{"line":35,"column":0},"end":{"line":35,"column":1}},"35":{"start":{"line":36,"column":0},"end":{"line":36,"column":0}},"36":{"start":{"line":37,"column":0},"end":{"line":37,"column":32}}},"s":{"0":1,"1":1,"2":1,"3":1,"4":1,"5":1,"6":1,"7":1,"8":1,"9":1,"10":1,"11":3,"12":3,"13":3,"14":3,"15":1,"16":1,"17":3,"18":3,"19":3,"20":3,"21":3,"22":3,"23":1,"24":1,"25":3,"26":3,"27":3,"28":3,"29":3,"30":0,"31":0,"32":3,"33":1,"34":1,"35":1,"36":1},"branchMap":{"0":{"type":"branch","line":11,"loc":{"start":{"line":11,"column":4},"end":{"line":15,"column":5}},"locations":[{"start":{"line":11,"column":4},"end":{"line":15,"column":5}}]},"1":{"type":"branch","line":17,"loc":{"start":{"line":17,"column":12},"end":{"line":23,"column":5}},"locations":[{"start":{"line":17,"column":12},"end":{"line":23,"column":5}}]},"2":{"type":"branch","line":25,"loc":{"start":{"line":25,"column":18},"end":{"line":33,"column":5}},"locations":[{"start":{"line":25,"column":18},"end":{"line":33,"column":5}}]},"3":{"type":"branch","line":30,"loc":{"start":{"line":30,"column":10},"end":{"line":32,"column":9}},"locations":[{"start":{"line":30,"column":10},"end":{"line":32,"column":9}}]}},"b":{"0":[3],"1":[3],"2":[3],"3":[0]},"fnMap":{"0":{"name":"App","decl":{"start":{"line":11,"column":4},"end":{"line":15,"column":5}},"loc":{"start":{"line":11,"column":4},"end":{"line":15,"column":5}},"line":11},"1":{"name":"middleware","decl":{"start":{"line":17,"column":12},"end":{"line":23,"column":5}},"loc":{"start":{"line":17,"column":12},"end":{"line":23,"column":5}},"line":17},"2":{"name":"database","decl":{"start":{"line":25,"column":18},"end":{"line":33,"column":5}},"loc":{"start":{"line":25,"column":18},"end":{"line":33,"column":5}},"line":25}},"f":{"0":3,"1":3,"2":3}}
,"C:\\Users\\vinic\\OneDrive\\Desafio Profissional 5\\prova-Desafio\\src\\controller\\criador.controller.ts": {"path":"C:\\Users\\vinic\\OneDrive\\Desafio Profissional 5\\prova-Desafio\\src\\controller\\criador.controller.ts","all":false,"statementMap":{"0":{"start":{"line":1,"column":0},"end":{"line":1,"column":56}},"1":{"start":{"line":2,"column":0},"end":{"line":2,"column":44}},"2":{"start":{"line":3,"column":0},"end":{"line":3,"column":0}},"3":{"start":{"line":4,"column":0},"end":{"line":4,"column":25}},"4":{"start":{"line":5,"column":0},"end":{"line":5,"column":0}},"5":{"start":{"line":6,"column":0},"end":{"line":6,"column":58}},"6":{"start":{"line":7,"column":0},"end":{"line":7,"column":64}},"7":{"start":{"line":8,"column":0},"end":{"line":8,"column":44}},"8":{"start":{"line":9,"column":0},"end":{"line":9,"column":5}},"9":{"start":{"line":10,"column":0},"end":{"line":10,"column":0}},"10":{"start":{"line":11,"column":0},"end":{"line":11,"column":60}},"11":{"start":{"line":12,"column":0},"end":{"line":12,"column":73}},"12":{"start":{"line":13,"column":0},"end":{"line":13,"column":51}},"13":{"start":{"line":14,"column":0},"end":{"line":14,"column":5}},"14":{"start":{"line":15,"column":0},"end":{"line":15,"column":0}},"15":{"start":{"line":16,"column":0},"end":{"line":16,"column":58}},"16":{"start":{"line":17,"column":0},"end":{"line":17,"column":77}},"17":{"start":{"line":18,"column":0},"end":{"line":18,"column":44}},"18":{"start":{"line":19,"column":0},"end":{"line":19,"column":5}},"19":{"start":{"line":20,"column":0},"end":{"line":20,"column":0}},"20":{"start":{"line":21,"column":0},"end":{"line":21,"column":56}},"21":{"start":{"line":22,"column":0},"end":{"line":22,"column":70}},"22":{"start":{"line":23,"column":0},"end":{"line":23,"column":44}},"23":{"start":{"line":24,"column":0},"end":{"line":24,"column":5}},"24":{"start":{"line":25,"column":0},"end":{"line":25,"column":0}},"25":{"start":{"line":26,"column":0},"end":{"line":26,"column":56}},"26":{"start":{"line":27,"column":0},"end":{"line":27,"column":95}},"27":{"start":{"line":28,"column":0},"end":{"line":28,"column":54}},"28":{"start":{"line":29,"column":0},"end":{"line":29,"column":5}},"29":{"start":{"line":30,"column":0},"end":{"line":30,"column":0}},"30":{"start":{"line":31,"column":0},"end":{"line":31,"column":54}},"31":{"start":{"line":32,"column":0},"end":{"line":32,"column":57}},"32":{"start":{"line":33,"column":0},"end":{"line":33,"column":37}},"33":{"start":{"line":34,"column":0},"end":{"line":34,"column":5}},"34":{"start":{"line":35,"column":0},"end":{"line":35,"column":0}},"35":{"start":{"line":36,"column":0},"end":{"line":36,"column":69}},"36":{"start":{"line":37,"column":0},"end":{"line":37,"column":72}},"37":{"start":{"line":38,"column":0},"end":{"line":38,"column":44}},"38":{"start":{"line":39,"column":0},"end":{"line":39,"column":5}},"39":{"start":{"line":40,"column":0},"end":{"line":40,"column":0}},"40":{"start":{"line":41,"column":0},"end":{"line":41,"column":69}},"41":{"start":{"line":42,"column":0},"end":{"line":42,"column":71}},"42":{"start":{"line":43,"column":0},"end":{"line":43,"column":44}},"43":{"start":{"line":44,"column":0},"end":{"line":44,"column":5}},"44":{"start":{"line":45,"column":0},"end":{"line":45,"column":0}},"45":{"start":{"line":46,"column":0},"end":{"line":46,"column":1}},"46":{"start":{"line":47,"column":0},"end":{"line":47,"column":38}}},"s":{"0":1,"1":1,"2":1,"3":1,"4":1,"5":1,"6":0,"7":0,"8":0,"9":1,"10":1,"11":1,"12":1,"13":1,"14":1,"15":1,"16":1,"17":1,"18":1,"19":1,"20":1,"21":1,"22":1,"23":1,"24":1,"25":1,"26":1,"27":1,"28":1,"29":1,"30":1,"31":1,"32":1,"33":1,"34":1,"35":1,"36":1,"37":1,"38":1,"39":1,"40":1,"41":1,"42":1,"43":1,"44":1,"45":1,"46":1},"branchMap":{"0":{"type":"branch","line":11,"loc":{"start":{"line":11,"column":10},"end":{"line":14,"column":5}},"locations":[{"start":{"line":11,"column":10},"end":{"line":14,"column":5}}]},"1":{"type":"branch","line":16,"loc":{"start":{"line":16,"column":10},"end":{"line":19,"column":5}},"locations":[{"start":{"line":16,"column":10},"end":{"line":19,"column":5}}]},"2":{"type":"branch","line":21,"loc":{"start":{"line":21,"column":10},"end":{"line":24,"column":5}},"locations":[{"start":{"line":21,"column":10},"end":{"line":24,"column":5}}]},"3":{"type":"branch","line":26,"loc":{"start":{"line":26,"column":10},"end":{"line":29,"column":5}},"locations":[{"start":{"line":26,"column":10},"end":{"line":29,"column":5}}]},"4":{"type":"branch","line":31,"loc":{"start":{"line":31,"column":10},"end":{"line":34,"column":5}},"locations":[{"start":{"line":31,"column":10},"end":{"line":34,"column":5}}]},"5":{"type":"branch","line":36,"loc":{"start":{"line":36,"column":10},"end":{"line":39,"column":5}},"locations":[{"start":{"line":36,"column":10},"end":{"line":39,"column":5}}]},"6":{"type":"branch","line":41,"loc":{"start":{"line":41,"column":10},"end":{"line":44,"column":5}},"locations":[{"start":{"line":41,"column":10},"end":{"line":44,"column":5}}]}},"b":{"0":[1],"1":[1],"2":[1],"3":[1],"4":[1],"5":[1],"6":[1]},"fnMap":{"0":{"name":"salvaCriadorBanco","decl":{"start":{"line":6,"column":10},"end":{"line":9,"column":5}},"loc":{"start":{"line":6,"column":10},"end":{"line":9,"column":5}},"line":6},"1":{"name":"buscaTodosCriadores","decl":{"start":{"line":11,"column":10},"end":{"line":14,"column":5}},"loc":{"start":{"line":11,"column":10},"end":{"line":14,"column":5}},"line":11},"2":{"name":"buscaCriadorUnico","decl":{"start":{"line":16,"column":10},"end":{"line":19,"column":5}},"loc":{"start":{"line":16,"column":10},"end":{"line":19,"column":5}},"line":16},"3":{"name":"criaNovoCriador","decl":{"start":{"line":21,"column":10},"end":{"line":24,"column":5}},"loc":{"start":{"line":21,"column":10},"end":{"line":24,"column":5}},"line":21},"4":{"name":"atualizaCriador","decl":{"start":{"line":26,"column":10},"end":{"line":29,"column":5}},"loc":{"start":{"line":26,"column":10},"end":{"line":29,"column":5}},"line":26},"5":{"name":"deletaCriador","decl":{"start":{"line":31,"column":10},"end":{"line":34,"column":5}},"loc":{"start":{"line":31,"column":10},"end":{"line":34,"column":5}},"line":31},"6":{"name":"buscaCriadorComMenosQuadrinho","decl":{"start":{"line":36,"column":10},"end":{"line":39,"column":5}},"loc":{"start":{"line":36,"column":10},"end":{"line":39,"column":5}},"line":36},"7":{"name":"buscaCriadorComMaisQuadrinho","decl":{"start":{"line":41,"column":10},"end":{"line":44,"column":5}},"loc":{"start":{"line":41,"column":10},"end":{"line":44,"column":5}},"line":41}},"f":{"0":0,"1":1,"2":1,"3":1,"4":1,"5":1,"6":1,"7":1}}
,"C:\\Users\\vinic\\OneDrive\\Desafio Profissional 5\\prova-Desafio\\src\\controller\\personagens.controller.ts": {"path":"C:\\Users\\vinic\\OneDrive\\Desafio Profissional 5\\prova-Desafio\\src\\controller\\personagens.controller.ts","all":false,"statementMap":{"0":{"start":{"line":1,"column":0},"end":{"line":1,"column":62}},"1":{"start":{"line":2,"column":0},"end":{"line":2,"column":44}},"2":{"start":{"line":3,"column":0},"end":{"line":3,"column":0}},"3":{"start":{"line":4,"column":0},"end":{"line":4,"column":28}},"4":{"start":{"line":5,"column":0},"end":{"line":5,"column":4}},"5":{"start":{"line":6,"column":0},"end":{"line":6,"column":60}},"6":{"start":{"line":7,"column":0},"end":{"line":7,"column":74}},"7":{"start":{"line":8,"column":0},"end":{"line":8,"column":48}},"8":{"start":{"line":9,"column":0},"end":{"line":9,"column":5}},"9":{"start":{"line":10,"column":0},"end":{"line":10,"column":0}},"10":{"start":{"line":11,"column":0},"end":{"line":11,"column":55}},"11":{"start":{"line":12,"column":0},"end":{"line":12,"column":79}},"12":{"start":{"line":13,"column":0},"end":{"line":13,"column":51}},"13":{"start":{"line":14,"column":0},"end":{"line":14,"column":5}},"14":{"start":{"line":15,"column":0},"end":{"line":15,"column":0}},"15":{"start":{"line":16,"column":0},"end":{"line":16,"column":65}},"16":{"start":{"line":17,"column":0},"end":{"line":17,"column":98}},"17":{"start":{"line":18,"column":0},"end":{"line":18,"column":55}},"18":{"start":{"line":19,"column":0},"end":{"line":19,"column":5}},"19":{"start":{"line":20,"column":0},"end":{"line":20,"column":2}},"20":{"start":{"line":21,"column":0},"end":{"line":21,"column":62}},"21":{"start":{"line":22,"column":0},"end":{"line":22,"column":75}},"22":{"start":{"line":23,"column":0},"end":{"line":23,"column":48}},"23":{"start":{"line":24,"column":0},"end":{"line":24,"column":5}},"24":{"start":{"line":25,"column":0},"end":{"line":25,"column":0}},"25":{"start":{"line":26,"column":0},"end":{"line":26,"column":61}},"26":{"start":{"line":27,"column":0},"end":{"line":27,"column":93}},"27":{"start":{"line":28,"column":0},"end":{"line":28,"column":54}},"28":{"start":{"line":29,"column":0},"end":{"line":29,"column":5}},"29":{"start":{"line":30,"column":0},"end":{"line":30,"column":0}},"30":{"start":{"line":31,"column":0},"end":{"line":31,"column":59}},"31":{"start":{"line":32,"column":0},"end":{"line":32,"column":104}},"32":{"start":{"line":33,"column":0},"end":{"line":33,"column":57}},"33":{"start":{"line":34,"column":0},"end":{"line":34,"column":5}},"34":{"start":{"line":35,"column":0},"end":{"line":35,"column":0}},"35":{"start":{"line":36,"column":0},"end":{"line":36,"column":57}},"36":{"start":{"line":37,"column":0},"end":{"line":37,"column":63}},"37":{"start":{"line":38,"column":0},"end":{"line":38,"column":37}},"38":{"start":{"line":39,"column":0},"end":{"line":39,"column":5}},"39":{"start":{"line":40,"column":0},"end":{"line":40,"column":1}},"40":{"start":{"line":41,"column":0},"end":{"line":41,"column":0}},"41":{"start":{"line":42,"column":0},"end":{"line":42,"column":41}}},"s":{"0":1,"1":1,"2":1,"3":1,"4":1,"5":1,"6":0,"7":0,"8":0,"9":1,"10":1,"11":2,"12":2,"13":2,"14":1,"15":1,"16":0,"17":0,"18":0,"19":1,"20":1,"21":1,"22":1,"23":1,"24":1,"25":1,"26":1,"27":1,"28":1,"29":1,"30":1,"31":0,"32":0,"33":0,"34":1,"35":1,"36":1,"37":1,"38":1,"39":1,"40":1,"41":1},"branchMap":{"0":{"type":"branch","line":11,"loc":{"start":{"line":11,"column":10},"end":{"line":14,"column":5}},"locations":[{"start":{"line":11,"column":10},"end":{"line":14,"column":5}}]},"1":{"type":"branch","line":21,"loc":{"start":{"line":21,"column":10},"end":{"line":24,"column":5}},"locations":[{"start":{"line":21,"column":10},"end":{"line":24,"column":5}}]},"2":{"type":"branch","line":26,"loc":{"start":{"line":26,"column":10},"end":{"line":29,"column":5}},"locations":[{"start":{"line":26,"column":10},"end":{"line":29,"column":5}}]},"3":{"type":"branch","line":36,"loc":{"start":{"line":36,"column":10},"end":{"line":39,"column":5}},"locations":[{"start":{"line":36,"column":10},"end":{"line":39,"column":5}}]}},"b":{"0":[2],"1":[1],"2":[1],"3":[1]},"fnMap":{"0":{"name":"salvaPersonagemBanco","decl":{"start":{"line":6,"column":10},"end":{"line":9,"column":5}},"loc":{"start":{"line":6,"column":10},"end":{"line":9,"column":5}},"line":6},"1":{"name":"criaPersonagem","decl":{"start":{"line":11,"column":10},"end":{"line":14,"column":5}},"loc":{"start":{"line":11,"column":10},"end":{"line":14,"column":5}},"line":11},"2":{"name":"buscaSeriesPorPersonagem","decl":{"start":{"line":16,"column":10},"end":{"line":19,"column":5}},"loc":{"start":{"line":16,"column":10},"end":{"line":19,"column":5}},"line":16},"3":{"name":"buscaTodosPersonagens","decl":{"start":{"line":21,"column":10},"end":{"line":24,"column":5}},"loc":{"start":{"line":21,"column":10},"end":{"line":24,"column":5}},"line":21},"4":{"name":"buscaPersonagemUnico","decl":{"start":{"line":26,"column":10},"end":{"line":29,"column":5}},"loc":{"start":{"line":26,"column":10},"end":{"line":29,"column":5}},"line":26},"5":{"name":"atualizaPersonagem","decl":{"start":{"line":31,"column":10},"end":{"line":34,"column":5}},"loc":{"start":{"line":31,"column":10},"end":{"line":34,"column":5}},"line":31},"6":{"name":"deletaPersonagem","decl":{"start":{"line":36,"column":10},"end":{"line":39,"column":5}},"loc":{"start":{"line":36,"column":10},"end":{"line":39,"column":5}},"line":36}},"f":{"0":0,"1":2,"2":0,"3":1,"4":1,"5":0,"6":1}}
,"C:\\Users\\vinic\\OneDrive\\Desafio Profissional 5\\prova-Desafio\\src\\controller\\quadrinho.controller.ts": {"path":"C:\\Users\\vinic\\OneDrive\\Desafio Profissional 5\\prova-Desafio\\src\\controller\\quadrinho.controller.ts","all":false,"statementMap":{"0":{"start":{"line":1,"column":0},"end":{"line":1,"column":60}},"1":{"start":{"line":2,"column":0},"end":{"line":2,"column":44}},"2":{"start":{"line":3,"column":0},"end":{"line":3,"column":0}},"3":{"start":{"line":4,"column":0},"end":{"line":4,"column":28}},"4":{"start":{"line":5,"column":0},"end":{"line":5,"column":0}},"5":{"start":{"line":6,"column":0},"end":{"line":6,"column":56}},"6":{"start":{"line":7,"column":0},"end":{"line":7,"column":67}},"7":{"start":{"line":8,"column":0},"end":{"line":8,"column":43}},"8":{"start":{"line":9,"column":0},"end":{"line":9,"column":5}},"9":{"start":{"line":10,"column":0},"end":{"line":10,"column":0}},"10":{"start":{"line":11,"column":0},"end":{"line":11,"column":58}},"11":{"start":{"line":12,"column":0},"end":{"line":12,"column":80}},"12":{"start":{"line":13,"column":0},"end":{"line":13,"column":50}},"13":{"start":{"line":14,"column":0},"end":{"line":14,"column":5}},"14":{"start":{"line":15,"column":0},"end":{"line":15,"column":0}},"15":{"start":{"line":16,"column":0},"end":{"line":16,"column":63}},"16":{"start":{"line":17,"column":0},"end":{"line":17,"column":79}},"17":{"start":{"line":18,"column":0},"end":{"line":18,"column":47}},"18":{"start":{"line":19,"column":0},"end":{"line":19,"column":5}},"19":{"start":{"line":20,"column":0},"end":{"line":20,"column":0}},"20":{"start":{"line":21,"column":0},"end":{"line":21,"column":60}},"21":{"start":{"line":22,"column":0},"end":{"line":22,"column":83}},"22":{"start":{"line":23,"column":0},"end":{"line":23,"column":46}},"23":{"start":{"line":24,"column":0},"end":{"line":24,"column":5}},"24":{"start":{"line":25,"column":0},"end":{"line":25,"column":0}},"25":{"start":{"line":26,"column":0},"end":{"line":26,"column":58}},"26":{"start":{"line":27,"column":0},"end":{"line":27,"column":101}},"27":{"start":{"line":28,"column":0},"end":{"line":28,"column":57}},"28":{"start":{"line":29,"column":0},"end":{"line":29,"column":5}},"29":{"start":{"line":30,"column":0},"end":{"line":30,"column":0}},"30":{"start":{"line":31,"column":0},"end":{"line":31,"column":56}},"31":{"start":{"line":32,"column":0},"end":{"line":32,"column":61}},"32":{"start":{"line":33,"column":0},"end":{"line":33,"column":37}},"33":{"start":{"line":34,"column":0},"end":{"line":34,"column":5}},"34":{"start":{"line":35,"column":0},"end":{"line":35,"column":0}},"35":{"start":{"line":36,"column":0},"end":{"line":36,"column":59}},"36":{"start":{"line":37,"column":0},"end":{"line":37,"column":75}},"37":{"start":{"line":38,"column":0},"end":{"line":38,"column":51}},"38":{"start":{"line":39,"column":0},"end":{"line":39,"column":5}},"39":{"start":{"line":40,"column":0},"end":{"line":40,"column":0}},"40":{"start":{"line":41,"column":0},"end":{"line":41,"column":59}},"41":{"start":{"line":42,"column":0},"end":{"line":42,"column":75}},"42":{"start":{"line":43,"column":0},"end":{"line":43,"column":51}},"43":{"start":{"line":44,"column":0},"end":{"line":44,"column":5}},"44":{"start":{"line":45,"column":0},"end":{"line":45,"column":0}},"45":{"start":{"line":46,"column":0},"end":{"line":46,"column":1}},"46":{"start":{"line":47,"column":0},"end":{"line":47,"column":0}},"47":{"start":{"line":48,"column":0},"end":{"line":48,"column":41}}},"s":{"0":1,"1":1,"2":1,"3":1,"4":1,"5":1,"6":0,"7":0,"8":0,"9":1,"10":1,"11":1,"12":1,"13":1,"14":1,"15":1,"16":1,"17":1,"18":1,"19":1,"20":1,"21":1,"22":1,"23":1,"24":1,"25":1,"26":1,"27":1,"28":1,"29":1,"30":1,"31":1,"32":1,"33":1,"34":1,"35":1,"36":1,"37":1,"38":1,"39":1,"40":1,"41":1,"42":1,"43":1,"44":1,"45":1,"46":1,"47":1},"branchMap":{"0":{"type":"branch","line":11,"loc":{"start":{"line":11,"column":10},"end":{"line":14,"column":5}},"locations":[{"start":{"line":11,"column":10},"end":{"line":14,"column":5}}]},"1":{"type":"branch","line":16,"loc":{"start":{"line":16,"column":10},"end":{"line":19,"column":5}},"locations":[{"start":{"line":16,"column":10},"end":{"line":19,"column":5}}]},"2":{"type":"branch","line":21,"loc":{"start":{"line":21,"column":10},"end":{"line":24,"column":5}},"locations":[{"start":{"line":21,"column":10},"end":{"line":24,"column":5}}]},"3":{"type":"branch","line":26,"loc":{"start":{"line":26,"column":10},"end":{"line":29,"column":5}},"locations":[{"start":{"line":26,"column":10},"end":{"line":29,"column":5}}]},"4":{"type":"branch","line":31,"loc":{"start":{"line":31,"column":10},"end":{"line":34,"column":5}},"locations":[{"start":{"line":31,"column":10},"end":{"line":34,"column":5}}]},"5":{"type":"branch","line":36,"loc":{"start":{"line":36,"column":10},"end":{"line":39,"column":5}},"locations":[{"start":{"line":36,"column":10},"end":{"line":39,"column":5}}]},"6":{"type":"branch","line":41,"loc":{"start":{"line":41,"column":10},"end":{"line":44,"column":5}},"locations":[{"start":{"line":41,"column":10},"end":{"line":44,"column":5}}]}},"b":{"0":[1],"1":[1],"2":[1],"3":[1],"4":[1],"5":[1],"6":[1]},"fnMap":{"0":{"name":"buscaQuadrinhos","decl":{"start":{"line":6,"column":10},"end":{"line":9,"column":5}},"loc":{"start":{"line":6,"column":10},"end":{"line":9,"column":5}},"line":6},"1":{"name":"criaNovoQuadrinho","decl":{"start":{"line":11,"column":10},"end":{"line":14,"column":5}},"loc":{"start":{"line":11,"column":10},"end":{"line":14,"column":5}},"line":11},"2":{"name":"buscaQuadrinhosInterno","decl":{"start":{"line":16,"column":10},"end":{"line":19,"column":5}},"loc":{"start":{"line":16,"column":10},"end":{"line":19,"column":5}},"line":16},"3":{"name":"buscaQuadrinhoUnico","decl":{"start":{"line":21,"column":10},"end":{"line":24,"column":5}},"loc":{"start":{"line":21,"column":10},"end":{"line":24,"column":5}},"line":21},"4":{"name":"atualizaQuadrinho","decl":{"start":{"line":26,"column":10},"end":{"line":29,"column":5}},"loc":{"start":{"line":26,"column":10},"end":{"line":29,"column":5}},"line":26},"5":{"name":"deletaQuadrinho","decl":{"start":{"line":31,"column":10},"end":{"line":34,"column":5}},"loc":{"start":{"line":31,"column":10},"end":{"line":34,"column":5}},"line":31},"6":{"name":"buscaMenorQuadrinho","decl":{"start":{"line":36,"column":10},"end":{"line":39,"column":5}},"loc":{"start":{"line":36,"column":10},"end":{"line":39,"column":5}},"line":36},"7":{"name":"buscaMaiorQuadrinho","decl":{"start":{"line":41,"column":10},"end":{"line":44,"column":5}},"loc":{"start":{"line":41,"column":10},"end":{"line":44,"column":5}},"line":41}},"f":{"0":0,"1":1,"2":1,"3":1,"4":1,"5":1,"6":1,"7":1}}
,"C:\\Users\\vinic\\OneDrive\\Desafio Profissional 5\\prova-Desafio\\src\\repository\\criador.repository.ts": {"path":"C:\\Users\\vinic\\OneDrive\\Desafio Profissional 5\\prova-Desafio\\src\\repository\\criador.repository.ts","all":false,"statementMap":{"0":{"start":{"line":1,"column":0},"end":{"line":1,"column":53}},"1":{"start":{"line":2,"column":0},"end":{"line":2,"column":45}},"2":{"start":{"line":3,"column":0},"end":{"line":3,"column":0}},"3":{"start":{"line":4,"column":0},"end":{"line":4,"column":25}},"4":{"start":{"line":5,"column":0},"end":{"line":5,"column":0}},"5":{"start":{"line":6,"column":0},"end":{"line":6,"column":50}},"6":{"start":{"line":7,"column":0},"end":{"line":7,"column":52}},"7":{"start":{"line":8,"column":0},"end":{"line":8,"column":5}},"8":{"start":{"line":9,"column":0},"end":{"line":9,"column":0}},"9":{"start":{"line":10,"column":0},"end":{"line":10,"column":33}},"10":{"start":{"line":11,"column":0},"end":{"line":11,"column":41}},"11":{"start":{"line":12,"column":0},"end":{"line":12,"column":5}},"12":{"start":{"line":13,"column":0},"end":{"line":13,"column":0}},"13":{"start":{"line":14,"column":0},"end":{"line":14,"column":48}},"14":{"start":{"line":15,"column":0},"end":{"line":15,"column":54}},"15":{"start":{"line":16,"column":0},"end":{"line":16,"column":5}},"16":{"start":{"line":17,"column":0},"end":{"line":17,"column":0}},"17":{"start":{"line":18,"column":0},"end":{"line":18,"column":46}},"18":{"start":{"line":19,"column":0},"end":{"line":19,"column":50}},"19":{"start":{"line":20,"column":0},"end":{"line":20,"column":5}},"20":{"start":{"line":21,"column":0},"end":{"line":21,"column":0}},"21":{"start":{"line":22,"column":0},"end":{"line":22,"column":75}},"22":{"start":{"line":23,"column":0},"end":{"line":23,"column":95}},"23":{"start":{"line":24,"column":0},"end":{"line":24,"column":5}},"24":{"start":{"line":25,"column":0},"end":{"line":25,"column":0}},"25":{"start":{"line":26,"column":0},"end":{"line":26,"column":44}},"26":{"start":{"line":27,"column":0},"end":{"line":27,"column":56}},"27":{"start":{"line":28,"column":0},"end":{"line":28,"column":5}},"28":{"start":{"line":29,"column":0},"end":{"line":29,"column":1}},"29":{"start":{"line":30,"column":0},"end":{"line":30,"column":38}}},"s":{"0":1,"1":1,"2":1,"3":1,"4":1,"5":1,"6":0,"7":0,"8":1,"9":1,"10":3,"11":3,"12":1,"13":1,"14":1,"15":1,"16":1,"17":1,"18":1,"19":1,"20":1,"21":1,"22":1,"23":1,"24":1,"25":1,"26":1,"27":1,"28":1,"29":1},"branchMap":{"0":{"type":"branch","line":10,"loc":{"start":{"line":10,"column":10},"end":{"line":12,"column":5}},"locations":[{"start":{"line":10,"column":10},"end":{"line":12,"column":5}}]},"1":{"type":"branch","line":14,"loc":{"start":{"line":14,"column":10},"end":{"line":16,"column":5}},"locations":[{"start":{"line":14,"column":10},"end":{"line":16,"column":5}}]},"2":{"type":"branch","line":18,"loc":{"start":{"line":18,"column":10},"end":{"line":20,"column":5}},"locations":[{"start":{"line":18,"column":10},"end":{"line":20,"column":5}}]},"3":{"type":"branch","line":22,"loc":{"start":{"line":22,"column":10},"end":{"line":24,"column":5}},"locations":[{"start":{"line":22,"column":10},"end":{"line":24,"column":5}}]},"4":{"type":"branch","line":26,"loc":{"start":{"line":26,"column":10},"end":{"line":28,"column":5}},"locations":[{"start":{"line":26,"column":10},"end":{"line":28,"column":5}}]}},"b":{"0":[3],"1":[1],"2":[1],"3":[1],"4":[1]},"fnMap":{"0":{"name":"salvaCriadorBanco","decl":{"start":{"line":6,"column":10},"end":{"line":8,"column":5}},"loc":{"start":{"line":6,"column":10},"end":{"line":8,"column":5}},"line":6},"1":{"name":"buscaTodosCriadores","decl":{"start":{"line":10,"column":10},"end":{"line":12,"column":5}},"loc":{"start":{"line":10,"column":10},"end":{"line":12,"column":5}},"line":10},"2":{"name":"buscaCriadorUnico","decl":{"start":{"line":14,"column":10},"end":{"line":16,"column":5}},"loc":{"start":{"line":14,"column":10},"end":{"line":16,"column":5}},"line":14},"3":{"name":"criaNovoCriador","decl":{"start":{"line":18,"column":10},"end":{"line":20,"column":5}},"loc":{"start":{"line":18,"column":10},"end":{"line":20,"column":5}},"line":18},"4":{"name":"atualizaCriador","decl":{"start":{"line":22,"column":10},"end":{"line":24,"column":5}},"loc":{"start":{"line":22,"column":10},"end":{"line":24,"column":5}},"line":22},"5":{"name":"deletaCriador","decl":{"start":{"line":26,"column":10},"end":{"line":28,"column":5}},"loc":{"start":{"line":26,"column":10},"end":{"line":28,"column":5}},"line":26}},"f":{"0":0,"1":3,"2":1,"3":1,"4":1,"5":1}}
,"C:\\Users\\vinic\\OneDrive\\Desafio Profissional 5\\prova-Desafio\\src\\repository\\personagem.repository.ts": {"path":"C:\\Users\\vinic\\OneDrive\\Desafio Profissional 5\\prova-Desafio\\src\\repository\\personagem.repository.ts","all":false,"statementMap":{"0":{"start":{"line":1,"column":0},"end":{"line":1,"column":52}},"1":{"start":{"line":2,"column":0},"end":{"line":2,"column":59}},"2":{"start":{"line":3,"column":0},"end":{"line":3,"column":0}},"3":{"start":{"line":4,"column":0},"end":{"line":4,"column":28}},"4":{"start":{"line":5,"column":0},"end":{"line":5,"column":0}},"5":{"start":{"line":6,"column":0},"end":{"line":6,"column":62}},"6":{"start":{"line":7,"column":0},"end":{"line":7,"column":0}},"7":{"start":{"line":8,"column":0},"end":{"line":8,"column":57}},"8":{"start":{"line":9,"column":0},"end":{"line":9,"column":5}},"9":{"start":{"line":10,"column":0},"end":{"line":10,"column":0}},"10":{"start":{"line":11,"column":0},"end":{"line":11,"column":56}},"11":{"start":{"line":12,"column":0},"end":{"line":12,"column":58}},"12":{"start":{"line":13,"column":0},"end":{"line":13,"column":5}},"13":{"start":{"line":14,"column":0},"end":{"line":14,"column":0}},"14":{"start":{"line":15,"column":0},"end":{"line":15,"column":55}},"15":{"start":{"line":16,"column":0},"end":{"line":16,"column":60}},"16":{"start":{"line":17,"column":0},"end":{"line":17,"column":5}},"17":{"start":{"line":18,"column":0},"end":{"line":18,"column":0}},"18":{"start":{"line":19,"column":0},"end":{"line":19,"column":54}},"19":{"start":{"line":20,"column":0},"end":{"line":20,"column":60}},"20":{"start":{"line":21,"column":0},"end":{"line":21,"column":5}},"21":{"start":{"line":22,"column":0},"end":{"line":22,"column":0}},"22":{"start":{"line":23,"column":0},"end":{"line":23,"column":35}},"23":{"start":{"line":24,"column":0},"end":{"line":24,"column":44}},"24":{"start":{"line":25,"column":0},"end":{"line":25,"column":5}},"25":{"start":{"line":26,"column":0},"end":{"line":26,"column":4}},"26":{"start":{"line":27,"column":0},"end":{"line":27,"column":87}},"27":{"start":{"line":28,"column":0},"end":{"line":28,"column":104}},"28":{"start":{"line":29,"column":0},"end":{"line":29,"column":5}},"29":{"start":{"line":30,"column":0},"end":{"line":30,"column":0}},"30":{"start":{"line":31,"column":0},"end":{"line":31,"column":50}},"31":{"start":{"line":32,"column":0},"end":{"line":32,"column":62}},"32":{"start":{"line":33,"column":0},"end":{"line":33,"column":5}},"33":{"start":{"line":34,"column":0},"end":{"line":34,"column":1}},"34":{"start":{"line":35,"column":0},"end":{"line":35,"column":41}}},"s":{"0":1,"1":1,"2":1,"3":1,"4":1,"5":1,"6":0,"7":0,"8":0,"9":1,"10":1,"11":0,"12":0,"13":1,"14":1,"15":2,"16":2,"17":1,"18":1,"19":1,"20":1,"21":1,"22":1,"23":1,"24":1,"25":1,"26":1,"27":0,"28":0,"29":1,"30":1,"31":1,"32":1,"33":1,"34":1},"branchMap":{"0":{"type":"branch","line":15,"loc":{"start":{"line":15,"column":10},"end":{"line":17,"column":5}},"locations":[{"start":{"line":15,"column":10},"end":{"line":17,"column":5}}]},"1":{"type":"branch","line":19,"loc":{"start":{"line":19,"column":10},"end":{"line":21,"column":5}},"locations":[{"start":{"line":19,"column":10},"end":{"line":21,"column":5}}]},"2":{"type":"branch","line":23,"loc":{"start":{"line":23,"column":10},"end":{"line":25,"column":5}},"locations":[{"start":{"line":23,"column":10},"end":{"line":25,"column":5}}]},"3":{"type":"branch","line":31,"loc":{"start":{"line":31,"column":10},"end":{"line":33,"column":5}},"locations":[{"start":{"line":31,"column":10},"end":{"line":33,"column":5}}]}},"b":{"0":[2],"1":[1],"2":[1],"3":[1]},"fnMap":{"0":{"name":"salvarPersonagensBanco","decl":{"start":{"line":6,"column":10},"end":{"line":9,"column":5}},"loc":{"start":{"line":6,"column":10},"end":{"line":9,"column":5}},"line":6},"1":{"name":"buscaSeriesPorPersonagem","decl":{"start":{"line":11,"column":10},"end":{"line":13,"column":5}},"loc":{"start":{"line":11,"column":10},"end":{"line":13,"column":5}},"line":11},"2":{"name":"criaPersonagem","decl":{"start":{"line":15,"column":10},"end":{"line":17,"column":5}},"loc":{"start":{"line":15,"column":10},"end":{"line":17,"column":5}},"line":15},"3":{"name":"buscaPersonagemUnico","decl":{"start":{"line":19,"column":10},"end":{"line":21,"column":5}},"loc":{"start":{"line":19,"column":10},"end":{"line":21,"column":5}},"line":19},"4":{"name":"buscaTodosPersonagens","decl":{"start":{"line":23,"column":10},"end":{"line":25,"column":5}},"loc":{"start":{"line":23,"column":10},"end":{"line":25,"column":5}},"line":23},"5":{"name":"atualizaPersonagem","decl":{"start":{"line":27,"column":10},"end":{"line":29,"column":5}},"loc":{"start":{"line":27,"column":10},"end":{"line":29,"column":5}},"line":27},"6":{"name":"deletaPersonagem","decl":{"start":{"line":31,"column":10},"end":{"line":33,"column":5}},"loc":{"start":{"line":31,"column":10},"end":{"line":33,"column":5}},"line":31}},"f":{"0":0,"1":0,"2":2,"3":1,"4":1,"5":0,"6":1}}
,"C:\\Users\\vinic\\OneDrive\\Desafio Profissional 5\\prova-Desafio\\src\\repository\\quadrinho.repository.ts": {"path":"C:\\Users\\vinic\\OneDrive\\Desafio Profissional 5\\prova-Desafio\\src\\repository\\quadrinho.repository.ts","all":false,"statementMap":{"0":{"start":{"line":1,"column":0},"end":{"line":1,"column":57}},"1":{"start":{"line":2,"column":0},"end":{"line":2,"column":48}},"2":{"start":{"line":3,"column":0},"end":{"line":3,"column":0}},"3":{"start":{"line":4,"column":0},"end":{"line":4,"column":0}},"4":{"start":{"line":5,"column":0},"end":{"line":5,"column":27}},"5":{"start":{"line":6,"column":0},"end":{"line":6,"column":0}},"6":{"start":{"line":7,"column":0},"end":{"line":7,"column":55}},"7":{"start":{"line":8,"column":0},"end":{"line":8,"column":0}},"8":{"start":{"line":9,"column":0},"end":{"line":9,"column":55}},"9":{"start":{"line":10,"column":0},"end":{"line":10,"column":5}},"10":{"start":{"line":11,"column":0},"end":{"line":11,"column":4}},"11":{"start":{"line":12,"column":0},"end":{"line":12,"column":52}},"12":{"start":{"line":13,"column":0},"end":{"line":13,"column":54}},"13":{"start":{"line":14,"column":0},"end":{"line":14,"column":5}},"14":{"start":{"line":15,"column":0},"end":{"line":15,"column":0}},"15":{"start":{"line":16,"column":0},"end":{"line":16,"column":51}},"16":{"start":{"line":17,"column":0},"end":{"line":17,"column":58}},"17":{"start":{"line":18,"column":0},"end":{"line":18,"column":5}},"18":{"start":{"line":19,"column":0},"end":{"line":19,"column":0}},"19":{"start":{"line":20,"column":0},"end":{"line":20,"column":36}},"20":{"start":{"line":21,"column":0},"end":{"line":21,"column":43}},"21":{"start":{"line":22,"column":0},"end":{"line":22,"column":5}},"22":{"start":{"line":23,"column":0},"end":{"line":23,"column":0}},"23":{"start":{"line":24,"column":0},"end":{"line":24,"column":45}},"24":{"start":{"line":25,"column":0},"end":{"line":25,"column":49}},"25":{"start":{"line":26,"column":0},"end":{"line":26,"column":5}},"26":{"start":{"line":27,"column":0},"end":{"line":27,"column":0}},"27":{"start":{"line":28,"column":0},"end":{"line":28,"column":68}},"28":{"start":{"line":29,"column":0},"end":{"line":29,"column":88}},"29":{"start":{"line":30,"column":0},"end":{"line":30,"column":5}},"30":{"start":{"line":31,"column":0},"end":{"line":31,"column":0}},"31":{"start":{"line":32,"column":0},"end":{"line":32,"column":39}},"32":{"start":{"line":33,"column":0},"end":{"line":33,"column":51}},"33":{"start":{"line":34,"column":0},"end":{"line":34,"column":19}},"34":{"start":{"line":35,"column":0},"end":{"line":35,"column":5}},"35":{"start":{"line":36,"column":0},"end":{"line":36,"column":0}},"36":{"start":{"line":37,"column":0},"end":{"line":37,"column":1}},"37":{"start":{"line":38,"column":0},"end":{"line":38,"column":0}},"38":{"start":{"line":39,"column":0},"end":{"line":39,"column":40}}},"s":{"0":1,"1":1,"2":1,"3":1,"4":1,"5":1,"6":1,"7":0,"8":0,"9":0,"10":1,"11":1,"12":1,"13":1,"14":1,"15":1,"16":0,"17":0,"18":1,"19":1,"20":3,"21":3,"22":1,"23":1,"24":1,"25":1,"26":1,"27":1,"28":1,"29":1,"30":1,"31":1,"32":1,"33":1,"34":1,"35":1,"36":1,"37":1,"38":1},"branchMap":{"0":{"type":"branch","line":12,"loc":{"start":{"line":12,"column":10},"end":{"line":14,"column":5}},"locations":[{"start":{"line":12,"column":10},"end":{"line":14,"column":5}}]},"1":{"type":"branch","line":20,"loc":{"start":{"line":20,"column":10},"end":{"line":22,"column":5}},"locations":[{"start":{"line":20,"column":10},"end":{"line":22,"column":5}}]},"2":{"type":"branch","line":24,"loc":{"start":{"line":24,"column":10},"end":{"line":26,"column":5}},"locations":[{"start":{"line":24,"column":10},"end":{"line":26,"column":5}}]},"3":{"type":"branch","line":28,"loc":{"start":{"line":28,"column":10},"end":{"line":30,"column":5}},"locations":[{"start":{"line":28,"column":10},"end":{"line":30,"column":5}}]},"4":{"type":"branch","line":32,"loc":{"start":{"line":32,"column":10},"end":{"line":35,"column":5}},"locations":[{"start":{"line":32,"column":10},"end":{"line":35,"column":5}}]}},"b":{"0":[1],"1":[3],"2":[1],"3":[1],"4":[1]},"fnMap":{"0":{"name":"salvarQuadrinhos","decl":{"start":{"line":7,"column":10},"end":{"line":10,"column":5}},"loc":{"start":{"line":7,"column":10},"end":{"line":10,"column":5}},"line":7},"1":{"name":"criaNovoQuadrinho","decl":{"start":{"line":12,"column":10},"end":{"line":14,"column":5}},"loc":{"start":{"line":12,"column":10},"end":{"line":14,"column":5}},"line":12},"2":{"name":"storysPorQuadrinho","decl":{"start":{"line":16,"column":10},"end":{"line":18,"column":5}},"loc":{"start":{"line":16,"column":10},"end":{"line":18,"column":5}},"line":16},"3":{"name":"retornaTodosQuadrinhos","decl":{"start":{"line":20,"column":10},"end":{"line":22,"column":5}},"loc":{"start":{"line":20,"column":10},"end":{"line":22,"column":5}},"line":20},"4":{"name":"retornaQuadrinhoUnico","decl":{"start":{"line":24,"column":10},"end":{"line":26,"column":5}},"loc":{"start":{"line":24,"column":10},"end":{"line":26,"column":5}},"line":24},"5":{"name":"atualizaQuadrinho","decl":{"start":{"line":28,"column":10},"end":{"line":30,"column":5}},"loc":{"start":{"line":28,"column":10},"end":{"line":30,"column":5}},"line":28},"6":{"name":"deletaQuadrinho","decl":{"start":{"line":32,"column":10},"end":{"line":35,"column":5}},"loc":{"start":{"line":32,"column":10},"end":{"line":35,"column":5}},"line":32}},"f":{"0":0,"1":1,"2":0,"3":3,"4":1,"5":1,"6":1}}
,"C:\\Users\\vinic\\OneDrive\\Desafio Profissional 5\\prova-Desafio\\src\\routes\\criador.routes.ts": {"path":"C:\\Users\\vinic\\OneDrive\\Desafio Profissional 5\\prova-Desafio\\src\\routes\\criador.routes.ts","all":false,"statementMap":{"0":{"start":{"line":1,"column":0},"end":{"line":1,"column":33}},"1":{"start":{"line":2,"column":0},"end":{"line":2,"column":65}},"2":{"start":{"line":3,"column":0},"end":{"line":3,"column":0}},"3":{"start":{"line":4,"column":0},"end":{"line":4,"column":30}},"4":{"start":{"line":5,"column":0},"end":{"line":5,"column":0}},"5":{"start":{"line":6,"column":0},"end":{"line":6,"column":66}},"6":{"start":{"line":7,"column":0},"end":{"line":7,"column":0}},"7":{"start":{"line":8,"column":0},"end":{"line":8,"column":75}},"8":{"start":{"line":9,"column":0},"end":{"line":9,"column":95}},"9":{"start":{"line":10,"column":0},"end":{"line":10,"column":93}},"10":{"start":{"line":11,"column":0},"end":{"line":11,"column":65}},"11":{"start":{"line":12,"column":0},"end":{"line":12,"column":70}},"12":{"start":{"line":13,"column":0},"end":{"line":13,"column":76}},"13":{"start":{"line":14,"column":0},"end":{"line":14,"column":75}},"14":{"start":{"line":15,"column":0},"end":{"line":15,"column":0}},"15":{"start":{"line":16,"column":0},"end":{"line":16,"column":8}},"16":{"start":{"line":17,"column":0},"end":{"line":17,"column":17}},"17":{"start":{"line":18,"column":0},"end":{"line":18,"column":1}}},"s":{"0":1,"1":1,"2":1,"3":1,"4":1,"5":1,"6":1,"7":1,"8":1,"9":1,"10":1,"11":1,"12":1,"13":1,"14":1,"15":1,"16":1,"17":1},"branchMap":{},"b":{},"fnMap":{},"f":{}}
,"C:\\Users\\vinic\\OneDrive\\Desafio Profissional 5\\prova-Desafio\\src\\routes\\personagem.route.ts": {"path":"C:\\Users\\vinic\\OneDrive\\Desafio Profissional 5\\prova-Desafio\\src\\routes\\personagem.route.ts","all":false,"statementMap":{"0":{"start":{"line":1,"column":0},"end":{"line":1,"column":33}},"1":{"start":{"line":2,"column":0},"end":{"line":2,"column":73}},"2":{"start":{"line":3,"column":0},"end":{"line":3,"column":0}},"3":{"start":{"line":4,"column":0},"end":{"line":4,"column":33}},"4":{"start":{"line":5,"column":0},"end":{"line":5,"column":0}},"5":{"start":{"line":6,"column":0},"end":{"line":6,"column":85}},"6":{"start":{"line":7,"column":0},"end":{"line":7,"column":0}},"7":{"start":{"line":8,"column":0},"end":{"line":8,"column":74}},"8":{"start":{"line":9,"column":0},"end":{"line":9,"column":91}},"9":{"start":{"line":10,"column":0},"end":{"line":10,"column":89}},"10":{"start":{"line":11,"column":0},"end":{"line":11,"column":88}},"11":{"start":{"line":12,"column":0},"end":{"line":12,"column":88}},"12":{"start":{"line":13,"column":0},"end":{"line":13,"column":0}},"13":{"start":{"line":14,"column":0},"end":{"line":14,"column":101}},"14":{"start":{"line":15,"column":0},"end":{"line":15,"column":0}},"15":{"start":{"line":16,"column":0},"end":{"line":16,"column":8}},"16":{"start":{"line":17,"column":0},"end":{"line":17,"column":20}},"17":{"start":{"line":18,"column":0},"end":{"line":18,"column":1}}},"s":{"0":1,"1":1,"2":1,"3":1,"4":1,"5":1,"6":1,"7":1,"8":1,"9":1,"10":1,"11":1,"12":1,"13":1,"14":1,"15":1,"16":1,"17":1},"branchMap":{},"b":{},"fnMap":{},"f":{}}
,"C:\\Users\\vinic\\OneDrive\\Desafio Profissional 5\\prova-Desafio\\src\\routes\\quadrinho.route.ts": {"path":"C:\\Users\\vinic\\OneDrive\\Desafio Profissional 5\\prova-Desafio\\src\\routes\\quadrinho.route.ts","all":false,"statementMap":{"0":{"start":{"line":1,"column":0},"end":{"line":1,"column":33}},"1":{"start":{"line":2,"column":0},"end":{"line":2,"column":69}},"2":{"start":{"line":3,"column":0},"end":{"line":3,"column":0}},"3":{"start":{"line":4,"column":0},"end":{"line":4,"column":33}},"4":{"start":{"line":5,"column":0},"end":{"line":5,"column":0}},"5":{"start":{"line":6,"column":0},"end":{"line":6,"column":68}},"6":{"start":{"line":7,"column":0},"end":{"line":7,"column":0}},"7":{"start":{"line":8,"column":0},"end":{"line":8,"column":85}},"8":{"start":{"line":9,"column":0},"end":{"line":9,"column":85}},"9":{"start":{"line":10,"column":0},"end":{"line":10,"column":71}},"10":{"start":{"line":11,"column":0},"end":{"line":11,"column":80}},"11":{"start":{"line":12,"column":0},"end":{"line":12,"column":81}},"12":{"start":{"line":13,"column":0},"end":{"line":13,"column":80}},"13":{"start":{"line":14,"column":0},"end":{"line":14,"column":76}},"14":{"start":{"line":15,"column":0},"end":{"line":15,"column":0}},"15":{"start":{"line":16,"column":0},"end":{"line":16,"column":8}},"16":{"start":{"line":17,"column":0},"end":{"line":17,"column":20}},"17":{"start":{"line":18,"column":0},"end":{"line":18,"column":1}}},"s":{"0":1,"1":1,"2":1,"3":1,"4":1,"5":1,"6":1,"7":1,"8":1,"9":1,"10":1,"11":1,"12":1,"13":1,"14":1,"15":1,"16":1,"17":1},"branchMap":{},"b":{},"fnMap":{},"f":{}}
,"C:\\Users\\vinic\\OneDrive\\Desafio Profissional 5\\prova-Desafio\\src\\schema\\criador.schema.ts": {"path":"C:\\Users\\vinic\\OneDrive\\Desafio Profissional 5\\prova-Desafio\\src\\schema\\criador.schema.ts","all":false,"statementMap":{"0":{"start":{"line":1,"column":0},"end":{"line":1,"column":48}},"1":{"start":{"line":2,"column":0},"end":{"line":2,"column":45}},"2":{"start":{"line":3,"column":0},"end":{"line":3,"column":0}},"3":{"start":{"line":4,"column":0},"end":{"line":4,"column":34}},"4":{"start":{"line":5,"column":0},"end":{"line":5,"column":0}},"5":{"start":{"line":6,"column":0},"end":{"line":6,"column":39}},"6":{"start":{"line":7,"column":0},"end":{"line":7,"column":45}},"7":{"start":{"line":8,"column":0},"end":{"line":8,"column":55}},"8":{"start":{"line":9,"column":0},"end":{"line":9,"column":0}},"9":{"start":{"line":10,"column":0},"end":{"line":10,"column":2}},"10":{"start":{"line":11,"column":0},"end":{"line":11,"column":58}}},"s":{"0":1,"1":1,"2":1,"3":1,"4":1,"5":1,"6":1,"7":1,"8":1,"9":1,"10":1},"branchMap":{},"b":{},"fnMap":{},"f":{}}
,"C:\\Users\\vinic\\OneDrive\\Desafio Profissional 5\\prova-Desafio\\src\\schema\\personagem.schema.ts": {"path":"C:\\Users\\vinic\\OneDrive\\Desafio Profissional 5\\prova-Desafio\\src\\schema\\personagem.schema.ts","all":false,"statementMap":{"0":{"start":{"line":1,"column":0},"end":{"line":1,"column":41}},"1":{"start":{"line":2,"column":0},"end":{"line":2,"column":50}},"2":{"start":{"line":3,"column":0},"end":{"line":3,"column":0}},"3":{"start":{"line":4,"column":0},"end":{"line":4,"column":37}},"4":{"start":{"line":5,"column":0},"end":{"line":5,"column":0}},"5":{"start":{"line":6,"column":0},"end":{"line":6,"column":51}},"6":{"start":{"line":7,"column":0},"end":{"line":7,"column":43}},"7":{"start":{"line":8,"column":0},"end":{"line":8,"column":32}},"8":{"start":{"line":9,"column":0},"end":{"line":9,"column":45}},"9":{"start":{"line":10,"column":0},"end":{"line":10,"column":0}},"10":{"start":{"line":11,"column":0},"end":{"line":11,"column":2}},"11":{"start":{"line":12,"column":0},"end":{"line":12,"column":0}},"12":{"start":{"line":13,"column":0},"end":{"line":13,"column":66}}},"s":{"0":1,"1":1,"2":1,"3":1,"4":1,"5":1,"6":1,"7":1,"8":1,"9":1,"10":1,"11":1,"12":1},"branchMap":{},"b":{},"fnMap":{},"f":{}}
,"C:\\Users\\vinic\\OneDrive\\Desafio Profissional 5\\prova-Desafio\\src\\schema\\quadrinho.schema.ts": {"path":"C:\\Users\\vinic\\OneDrive\\Desafio Profissional 5\\prova-Desafio\\src\\schema\\quadrinho.schema.ts","all":false,"statementMap":{"0":{"start":{"line":1,"column":0},"end":{"line":1,"column":50}},"1":{"start":{"line":2,"column":0},"end":{"line":2,"column":41}},"2":{"start":{"line":3,"column":0},"end":{"line":3,"column":0}},"3":{"start":{"line":4,"column":0},"end":{"line":4,"column":37}},"4":{"start":{"line":5,"column":0},"end":{"line":5,"column":0}},"5":{"start":{"line":6,"column":0},"end":{"line":6,"column":44}},"6":{"start":{"line":7,"column":0},"end":{"line":7,"column":45}},"7":{"start":{"line":8,"column":0},"end":{"line":8,"column":48}},"8":{"start":{"line":9,"column":0},"end":{"line":9,"column":48}},"9":{"start":{"line":10,"column":0},"end":{"line":10,"column":55}},"10":{"start":{"line":11,"column":0},"end":{"line":11,"column":42}},"11":{"start":{"line":12,"column":0},"end":{"line":12,"column":2}},"12":{"start":{"line":13,"column":0},"end":{"line":13,"column":0}},"13":{"start":{"line":14,"column":0},"end":{"line":14,"column":64}}},"s":{"0":1,"1":1,"2":1,"3":1,"4":1,"5":1,"6":1,"7":1,"8":1,"9":1,"10":1,"11":1,"12":1,"13":1},"branchMap":{},"b":{},"fnMap":{},"f":{}}
,"C:\\Users\\vinic\\OneDrive\\Desafio Profissional 5\\prova-Desafio\\src\\service\\criador.service.ts": {"path":"C:\\Users\\vinic\\OneDrive\\Desafio Profissional 5\\prova-Desafio\\src\\service\\criador.service.ts","all":false,"statementMap":{"0":{"start":{"line":1,"column":0},"end":{"line":1,"column":45}},"1":{"start":{"line":2,"column":0},"end":{"line":2,"column":65}},"2":{"start":{"line":3,"column":0},"end":{"line":3,"column":51}},"3":{"start":{"line":4,"column":0},"end":{"line":4,"column":0}},"4":{"start":{"line":5,"column":0},"end":{"line":5,"column":0}},"5":{"start":{"line":6,"column":0},"end":{"line":6,"column":22}},"6":{"start":{"line":7,"column":0},"end":{"line":7,"column":0}},"7":{"start":{"line":8,"column":0},"end":{"line":8,"column":35}},"8":{"start":{"line":9,"column":0},"end":{"line":9,"column":0}},"9":{"start":{"line":10,"column":0},"end":{"line":10,"column":74}},"10":{"start":{"line":11,"column":0},"end":{"line":11,"column":39}},"11":{"start":{"line":12,"column":0},"end":{"line":12,"column":155}},"12":{"start":{"line":13,"column":0},"end":{"line":13,"column":56}},"13":{"start":{"line":14,"column":0},"end":{"line":14,"column":62}},"14":{"start":{"line":15,"column":0},"end":{"line":15,"column":57}},"15":{"start":{"line":16,"column":0},"end":{"line":16,"column":45}},"16":{"start":{"line":17,"column":0},"end":{"line":17,"column":10}},"17":{"start":{"line":18,"column":0},"end":{"line":18,"column":22}},"18":{"start":{"line":19,"column":0},"end":{"line":19,"column":5}},"19":{"start":{"line":20,"column":0},"end":{"line":20,"column":0}},"20":{"start":{"line":21,"column":0},"end":{"line":21,"column":31}},"21":{"start":{"line":22,"column":0},"end":{"line":22,"column":71}},"22":{"start":{"line":23,"column":0},"end":{"line":23,"column":92}},"23":{"start":{"line":24,"column":0},"end":{"line":24,"column":74}},"24":{"start":{"line":25,"column":0},"end":{"line":25,"column":43}},"25":{"start":{"line":26,"column":0},"end":{"line":26,"column":43}},"26":{"start":{"line":27,"column":0},"end":{"line":27,"column":45}},"27":{"start":{"line":28,"column":0},"end":{"line":28,"column":93}},"28":{"start":{"line":29,"column":0},"end":{"line":29,"column":17}},"29":{"start":{"line":30,"column":0},"end":{"line":30,"column":56}},"30":{"start":{"line":31,"column":0},"end":{"line":31,"column":77}},"31":{"start":{"line":32,"column":0},"end":{"line":32,"column":17}},"32":{"start":{"line":33,"column":0},"end":{"line":33,"column":14}},"33":{"start":{"line":34,"column":0},"end":{"line":34,"column":10}},"34":{"start":{"line":35,"column":0},"end":{"line":35,"column":5}},"35":{"start":{"line":36,"column":0},"end":{"line":36,"column":0}},"36":{"start":{"line":37,"column":0},"end":{"line":37,"column":38}},"37":{"start":{"line":38,"column":0},"end":{"line":38,"column":71}},"38":{"start":{"line":39,"column":0},"end":{"line":39,"column":76}},"39":{"start":{"line":40,"column":0},"end":{"line":40,"column":90}},"40":{"start":{"line":41,"column":0},"end":{"line":41,"column":24}},"41":{"start":{"line":42,"column":0},"end":{"line":42,"column":36}},"42":{"start":{"line":43,"column":0},"end":{"line":43,"column":5}},"43":{"start":{"line":44,"column":0},"end":{"line":44,"column":0}},"44":{"start":{"line":45,"column":0},"end":{"line":45,"column":37}},"45":{"start":{"line":46,"column":0},"end":{"line":46,"column":71}},"46":{"start":{"line":47,"column":0},"end":{"line":47,"column":75}},"47":{"start":{"line":48,"column":0},"end":{"line":48,"column":90}},"48":{"start":{"line":49,"column":0},"end":{"line":49,"column":24}},"49":{"start":{"line":50,"column":0},"end":{"line":50,"column":35}},"50":{"start":{"line":51,"column":0},"end":{"line":51,"column":5}},"51":{"start":{"line":52,"column":0},"end":{"line":52,"column":0}},"52":{"start":{"line":53,"column":0},"end":{"line":53,"column":32}},"53":{"start":{"line":54,"column":0},"end":{"line":54,"column":60}},"54":{"start":{"line":55,"column":0},"end":{"line":55,"column":5}},"55":{"start":{"line":56,"column":0},"end":{"line":56,"column":0}},"56":{"start":{"line":57,"column":0},"end":{"line":57,"column":48}},"57":{"start":{"line":58,"column":0},"end":{"line":58,"column":67}},"58":{"start":{"line":59,"column":0},"end":{"line":59,"column":5}},"59":{"start":{"line":60,"column":0},"end":{"line":60,"column":0}},"60":{"start":{"line":61,"column":0},"end":{"line":61,"column":50}},"61":{"start":{"line":62,"column":0},"end":{"line":62,"column":67}},"62":{"start":{"line":63,"column":0},"end":{"line":63,"column":5}},"63":{"start":{"line":64,"column":0},"end":{"line":64,"column":0}},"64":{"start":{"line":65,"column":0},"end":{"line":65,"column":75}},"65":{"start":{"line":66,"column":0},"end":{"line":66,"column":84}},"66":{"start":{"line":67,"column":0},"end":{"line":67,"column":5}},"67":{"start":{"line":68,"column":0},"end":{"line":68,"column":4}},"68":{"start":{"line":69,"column":0},"end":{"line":69,"column":44}},"69":{"start":{"line":70,"column":0},"end":{"line":70,"column":56}},"70":{"start":{"line":71,"column":0},"end":{"line":71,"column":5}},"71":{"start":{"line":72,"column":0},"end":{"line":72,"column":0}},"72":{"start":{"line":73,"column":0},"end":{"line":73,"column":0}},"73":{"start":{"line":74,"column":0},"end":{"line":74,"column":0}},"74":{"start":{"line":75,"column":0},"end":{"line":75,"column":0}},"75":{"start":{"line":76,"column":0},"end":{"line":76,"column":0}},"76":{"start":{"line":77,"column":0},"end":{"line":77,"column":0}},"77":{"start":{"line":78,"column":0},"end":{"line":78,"column":1}},"78":{"start":{"line":79,"column":0},"end":{"line":79,"column":0}},"79":{"start":{"line":80,"column":0},"end":{"line":80,"column":35}}},"s":{"0":1,"1":1,"2":1,"3":1,"4":1,"5":3,"6":3,"7":3,"8":3,"9":3,"10":0,"11":0,"12":0,"13":0,"14":0,"15":0,"16":0,"17":0,"18":0,"19":3,"20":3,"21":0,"22":0,"23":0,"24":0,"25":0,"26":0,"27":0,"28":0,"29":0,"30":0,"31":0,"32":0,"33":0,"34":0,"35":3,"36":3,"37":1,"38":1,"39":29,"40":1,"41":1,"42":1,"43":3,"44":3,"45":1,"46":1,"47":29,"48":1,"49":1,"50":1,"51":3,"52":3,"53":1,"54":1,"55":3,"56":3,"57":1,"58":1,"59":3,"60":3,"61":1,"62":1,"63":3,"64":3,"65":1,"66":1,"67":3,"68":3,"69":1,"70":1,"71":3,"72":3,"73":3,"74":3,"75":3,"76":3,"77":3,"78":1,"79":1},"branchMap":{"0":{"type":"branch","line":6,"loc":{"start":{"line":6,"column":0},"end":{"line":78,"column":1}},"locations":[{"start":{"line":6,"column":0},"end":{"line":78,"column":1}}]},"1":{"type":"branch","line":37,"loc":{"start":{"line":37,"column":10},"end":{"line":43,"column":5}},"locations":[{"start":{"line":37,"column":10},"end":{"line":43,"column":5}}]},"2":{"type":"branch","line":39,"loc":{"start":{"line":39,"column":55},"end":{"line":41,"column":9}},"locations":[{"start":{"line":39,"column":55},"end":{"line":41,"column":9}}]},"3":{"type":"branch","line":40,"loc":{"start":{"line":40,"column":72},"end":{"line":40,"column":82}},"locations":[{"start":{"line":40,"column":72},"end":{"line":40,"column":82}}]},"4":{"type":"branch","line":40,"loc":{"start":{"line":40,"column":83},"end":{"line":40,"column":90}},"locations":[{"start":{"line":40,"column":83},"end":{"line":40,"column":90}}]},"5":{"type":"branch","line":45,"loc":{"start":{"line":45,"column":10},"end":{"line":51,"column":5}},"locations":[{"start":{"line":45,"column":10},"end":{"line":51,"column":5}}]},"6":{"type":"branch","line":47,"loc":{"start":{"line":47,"column":54},"end":{"line":49,"column":9}},"locations":[{"start":{"line":47,"column":54},"end":{"line":49,"column":9}}]},"7":{"type":"branch","line":48,"loc":{"start":{"line":48,"column":72},"end":{"line":48,"column":82}},"locations":[{"start":{"line":48,"column":72},"end":{"line":48,"column":82}}]},"8":{"type":"branch","line":48,"loc":{"start":{"line":48,"column":83},"end":{"line":48,"column":90}},"locations":[{"start":{"line":48,"column":83},"end":{"line":48,"column":90}}]},"9":{"type":"branch","line":53,"loc":{"start":{"line":53,"column":10},"end":{"line":55,"column":5}},"locations":[{"start":{"line":53,"column":10},"end":{"line":55,"column":5}}]},"10":{"type":"branch","line":57,"loc":{"start":{"line":57,"column":10},"end":{"line":59,"column":5}},"locations":[{"start":{"line":57,"column":10},"end":{"line":59,"column":5}}]},"11":{"type":"branch","line":61,"loc":{"start":{"line":61,"column":10},"end":{"line":63,"column":5}},"locations":[{"start":{"line":61,"column":10},"end":{"line":63,"column":5}}]},"12":{"type":"branch","line":65,"loc":{"start":{"line":65,"column":10},"end":{"line":67,"column":5}},"locations":[{"start":{"line":65,"column":10},"end":{"line":67,"column":5}}]},"13":{"type":"branch","line":69,"loc":{"start":{"line":69,"column":10},"end":{"line":71,"column":5}},"locations":[{"start":{"line":69,"column":10},"end":{"line":71,"column":5}}]}},"b":{"0":[3],"1":[1],"2":[29],"3":[26],"4":[3],"5":[1],"6":[29],"7":[9],"8":[20],"9":[1],"10":[1],"11":[1],"12":[1],"13":[1]},"fnMap":{"0":{"name":"criadorService","decl":{"start":{"line":6,"column":0},"end":{"line":78,"column":1}},"loc":{"start":{"line":6,"column":0},"end":{"line":78,"column":1}},"line":6},"1":{"name":"buscaQuadrinhosPorCriador","decl":{"start":{"line":10,"column":10},"end":{"line":19,"column":5}},"loc":{"start":{"line":10,"column":10},"end":{"line":19,"column":5}},"line":10},"2":{"name":"salvaCriadorBanco","decl":{"start":{"line":21,"column":10},"end":{"line":35,"column":5}},"loc":{"start":{"line":21,"column":10},"end":{"line":35,"column":5}},"line":21},"3":{"name":"criadorComMenosQuadrinhos","decl":{"start":{"line":37,"column":10},"end":{"line":43,"column":5}},"loc":{"start":{"line":37,"column":10},"end":{"line":43,"column":5}},"line":37},"4":{"name":"criadorComMaisQuadrinhos","decl":{"start":{"line":45,"column":10},"end":{"line":51,"column":5}},"loc":{"start":{"line":45,"column":10},"end":{"line":51,"column":5}},"line":45},"5":{"name":"buscaTodosCriadores","decl":{"start":{"line":53,"column":10},"end":{"line":55,"column":5}},"loc":{"start":{"line":53,"column":10},"end":{"line":55,"column":5}},"line":53},"6":{"name":"buscaCriadorUnico","decl":{"start":{"line":57,"column":10},"end":{"line":59,"column":5}},"loc":{"start":{"line":57,"column":10},"end":{"line":59,"column":5}},"line":57},"7":{"name":"criaNovoCriador","decl":{"start":{"line":61,"column":10},"end":{"line":63,"column":5}},"loc":{"start":{"line":61,"column":10},"end":{"line":63,"column":5}},"line":61},"8":{"name":"atualizaCriador","decl":{"start":{"line":65,"column":10},"end":{"line":67,"column":5}},"loc":{"start":{"line":65,"column":10},"end":{"line":67,"column":5}},"line":65},"9":{"name":"deletaCriador","decl":{"start":{"line":69,"column":10},"end":{"line":71,"column":5}},"loc":{"start":{"line":69,"column":10},"end":{"line":71,"column":5}},"line":69}},"f":{"0":3,"1":0,"2":0,"3":1,"4":1,"5":1,"6":1,"7":1,"8":1,"9":1}}
,"C:\\Users\\vinic\\OneDrive\\Desafio Profissional 5\\prova-Desafio\\src\\service\\personagem.service.ts": {"path":"C:\\Users\\vinic\\OneDrive\\Desafio Profissional 5\\prova-Desafio\\src\\service\\personagem.service.ts","all":false,"statementMap":{"0":{"start":{"line":1,"column":0},"end":{"line":1,"column":52}},"1":{"start":{"line":2,"column":0},"end":{"line":2,"column":71}},"2":{"start":{"line":3,"column":0},"end":{"line":3,"column":0}},"3":{"start":{"line":4,"column":0},"end":{"line":4,"column":25}},"4":{"start":{"line":5,"column":0},"end":{"line":5,"column":0}},"5":{"start":{"line":6,"column":0},"end":{"line":6,"column":37}},"6":{"start":{"line":7,"column":0},"end":{"line":7,"column":192}},"7":{"start":{"line":8,"column":0},"end":{"line":8,"column":0}},"8":{"start":{"line":9,"column":0},"end":{"line":9,"column":58}},"9":{"start":{"line":10,"column":0},"end":{"line":10,"column":55}},"10":{"start":{"line":11,"column":0},"end":{"line":11,"column":25}},"11":{"start":{"line":12,"column":0},"end":{"line":12,"column":5}},"12":{"start":{"line":13,"column":0},"end":{"line":13,"column":0}},"13":{"start":{"line":14,"column":0},"end":{"line":14,"column":57}},"14":{"start":{"line":15,"column":0},"end":{"line":15,"column":202}},"15":{"start":{"line":16,"column":0},"end":{"line":16,"column":62}},"16":{"start":{"line":17,"column":0},"end":{"line":17,"column":40}},"17":{"start":{"line":18,"column":0},"end":{"line":18,"column":47}},"18":{"start":{"line":19,"column":0},"end":{"line":19,"column":5}},"19":{"start":{"line":20,"column":0},"end":{"line":20,"column":0}},"20":{"start":{"line":21,"column":0},"end":{"line":21,"column":33}},"21":{"start":{"line":22,"column":0},"end":{"line":22,"column":63}},"22":{"start":{"line":23,"column":0},"end":{"line":23,"column":89}},"23":{"start":{"line":24,"column":0},"end":{"line":24,"column":45}},"24":{"start":{"line":25,"column":0},"end":{"line":25,"column":48}},"25":{"start":{"line":26,"column":0},"end":{"line":26,"column":42}},"26":{"start":{"line":27,"column":0},"end":{"line":27,"column":54}},"27":{"start":{"line":28,"column":0},"end":{"line":28,"column":53}},"28":{"start":{"line":29,"column":0},"end":{"line":29,"column":13}},"29":{"start":{"line":30,"column":0},"end":{"line":30,"column":29}},"30":{"start":{"line":31,"column":0},"end":{"line":31,"column":10}},"31":{"start":{"line":32,"column":0},"end":{"line":32,"column":82}},"32":{"start":{"line":33,"column":0},"end":{"line":33,"column":5}},"33":{"start":{"line":34,"column":0},"end":{"line":34,"column":0}},"34":{"start":{"line":35,"column":0},"end":{"line":35,"column":55}},"35":{"start":{"line":36,"column":0},"end":{"line":36,"column":72}},"36":{"start":{"line":37,"column":0},"end":{"line":37,"column":5}},"37":{"start":{"line":38,"column":0},"end":{"line":38,"column":0}},"38":{"start":{"line":39,"column":0},"end":{"line":39,"column":54}},"39":{"start":{"line":40,"column":0},"end":{"line":40,"column":76}},"40":{"start":{"line":41,"column":0},"end":{"line":41,"column":5}},"41":{"start":{"line":42,"column":0},"end":{"line":42,"column":0}},"42":{"start":{"line":43,"column":0},"end":{"line":43,"column":35}},"43":{"start":{"line":44,"column":0},"end":{"line":44,"column":65}},"44":{"start":{"line":45,"column":0},"end":{"line":45,"column":5}},"45":{"start":{"line":46,"column":0},"end":{"line":46,"column":0}},"46":{"start":{"line":47,"column":0},"end":{"line":47,"column":87}},"47":{"start":{"line":48,"column":0},"end":{"line":48,"column":96}},"48":{"start":{"line":49,"column":0},"end":{"line":49,"column":5}},"49":{"start":{"line":50,"column":0},"end":{"line":50,"column":0}},"50":{"start":{"line":51,"column":0},"end":{"line":51,"column":50}},"51":{"start":{"line":52,"column":0},"end":{"line":52,"column":72}},"52":{"start":{"line":53,"column":0},"end":{"line":53,"column":5}},"53":{"start":{"line":54,"column":0},"end":{"line":54,"column":1}},"54":{"start":{"line":55,"column":0},"end":{"line":55,"column":38}}},"s":{"0":1,"1":1,"2":1,"3":1,"4":1,"5":1,"6":0,"7":0,"8":0,"9":0,"10":0,"11":0,"12":1,"13":1,"14":0,"15":0,"16":0,"17":0,"18":0,"19":1,"20":1,"21":0,"22":0,"23":0,"24":0,"25":0,"26":0,"27":0,"28":0,"29":0,"30":0,"31":0,"32":0,"33":1,"34":1,"35":2,"36":2,"37":1,"38":1,"39":1,"40":1,"41":1,"42":1,"43":1,"44":1,"45":1,"46":1,"47":0,"48":0,"49":1,"50":1,"51":1,"52":1,"53":1,"54":1},"branchMap":{"0":{"type":"branch","line":35,"loc":{"start":{"line":35,"column":10},"end":{"line":37,"column":5}},"locations":[{"start":{"line":35,"column":10},"end":{"line":37,"column":5}}]},"1":{"type":"branch","line":39,"loc":{"start":{"line":39,"column":10},"end":{"line":41,"column":5}},"locations":[{"start":{"line":39,"column":10},"end":{"line":41,"column":5}}]},"2":{"type":"branch","line":43,"loc":{"start":{"line":43,"column":10},"end":{"line":45,"column":5}},"locations":[{"start":{"line":43,"column":10},"end":{"line":45,"column":5}}]},"3":{"type":"branch","line":51,"loc":{"start":{"line":51,"column":10},"end":{"line":53,"column":5}},"locations":[{"start":{"line":51,"column":10},"end":{"line":53,"column":5}}]}},"b":{"0":[2],"1":[1],"2":[1],"3":[1]},"fnMap":{"0":{"name":"buscaPersonagensDaSerie","decl":{"start":{"line":6,"column":10},"end":{"line":12,"column":5}},"loc":{"start":{"line":6,"column":10},"end":{"line":12,"column":5}},"line":6},"1":{"name":"buscaSeriesPorPersonagem","decl":{"start":{"line":14,"column":10},"end":{"line":19,"column":5}},"loc":{"start":{"line":14,"column":10},"end":{"line":19,"column":5}},"line":14},"2":{"name":"salvaPersonagemBanco","decl":{"start":{"line":21,"column":10},"end":{"line":33,"column":5}},"loc":{"start":{"line":21,"column":10},"end":{"line":33,"column":5}},"line":21},"3":{"name":"criaPersonagem","decl":{"start":{"line":35,"column":10},"end":{"line":37,"column":5}},"loc":{"start":{"line":35,"column":10},"end":{"line":37,"column":5}},"line":35},"4":{"name":"buscaPersonagemUnico","decl":{"start":{"line":39,"column":10},"end":{"line":41,"column":5}},"loc":{"start":{"line":39,"column":10},"end":{"line":41,"column":5}},"line":39},"5":{"name":"buscaTodosPersonagens","decl":{"start":{"line":43,"column":10},"end":{"line":45,"column":5}},"loc":{"start":{"line":43,"column":10},"end":{"line":45,"column":5}},"line":43},"6":{"name":"atualizaPersonagem","decl":{"start":{"line":47,"column":10},"end":{"line":49,"column":5}},"loc":{"start":{"line":47,"column":10},"end":{"line":49,"column":5}},"line":47},"7":{"name":"deletaPersonagem","decl":{"start":{"line":51,"column":10},"end":{"line":53,"column":5}},"loc":{"start":{"line":51,"column":10},"end":{"line":53,"column":5}},"line":51}},"f":{"0":0,"1":0,"2":0,"3":2,"4":1,"5":1,"6":0,"7":1}}
,"C:\\Users\\vinic\\OneDrive\\Desafio Profissional 5\\prova-Desafio\\src\\service\\quadrinho.service.ts": {"path":"C:\\Users\\vinic\\OneDrive\\Desafio Profissional 5\\prova-Desafio\\src\\service\\quadrinho.service.ts","all":false,"statementMap":{"0":{"start":{"line":1,"column":0},"end":{"line":1,"column":47}},"1":{"start":{"line":2,"column":0},"end":{"line":2,"column":68}},"2":{"start":{"line":3,"column":0},"end":{"line":3,"column":0}},"3":{"start":{"line":4,"column":0},"end":{"line":4,"column":24}},"4":{"start":{"line":5,"column":0},"end":{"line":5,"column":0}},"5":{"start":{"line":6,"column":0},"end":{"line":6,"column":28}},"6":{"start":{"line":7,"column":0},"end":{"line":7,"column":34}},"7":{"start":{"line":8,"column":0},"end":{"line":8,"column":165}},"8":{"start":{"line":9,"column":0},"end":{"line":9,"column":52}},"9":{"start":{"line":10,"column":0},"end":{"line":10,"column":44}},"10":{"start":{"line":11,"column":0},"end":{"line":11,"column":20}},"11":{"start":{"line":12,"column":0},"end":{"line":12,"column":5}},"12":{"start":{"line":13,"column":0},"end":{"line":13,"column":0}},"13":{"start":{"line":14,"column":0},"end":{"line":14,"column":33}},"14":{"start":{"line":15,"column":0},"end":{"line":15,"column":49}},"15":{"start":{"line":16,"column":0},"end":{"line":16,"column":73}},"16":{"start":{"line":17,"column":0},"end":{"line":17,"column":39}},"17":{"start":{"line":18,"column":0},"end":{"line":18,"column":38}},"18":{"start":{"line":19,"column":0},"end":{"line":19,"column":40}},"19":{"start":{"line":20,"column":0},"end":{"line":20,"column":49}},"20":{"start":{"line":21,"column":0},"end":{"line":21,"column":49}},"21":{"start":{"line":22,"column":0},"end":{"line":22,"column":48}},"22":{"start":{"line":23,"column":0},"end":{"line":23,"column":47}},"23":{"start":{"line":24,"column":0},"end":{"line":24,"column":13}},"24":{"start":{"line":25,"column":0},"end":{"line":25,"column":30}},"25":{"start":{"line":26,"column":0},"end":{"line":26,"column":24}},"26":{"start":{"line":27,"column":0},"end":{"line":27,"column":10}},"27":{"start":{"line":28,"column":0},"end":{"line":28,"column":69}},"28":{"start":{"line":29,"column":0},"end":{"line":29,"column":5}},"29":{"start":{"line":30,"column":0},"end":{"line":30,"column":0}},"30":{"start":{"line":31,"column":0},"end":{"line":31,"column":33}},"31":{"start":{"line":32,"column":0},"end":{"line":32,"column":77}},"32":{"start":{"line":33,"column":0},"end":{"line":33,"column":68}},"33":{"start":{"line":34,"column":0},"end":{"line":34,"column":71}},"34":{"start":{"line":35,"column":0},"end":{"line":35,"column":25}},"35":{"start":{"line":36,"column":0},"end":{"line":36,"column":29}},"36":{"start":{"line":37,"column":0},"end":{"line":37,"column":5}},"37":{"start":{"line":38,"column":0},"end":{"line":38,"column":0}},"38":{"start":{"line":39,"column":0},"end":{"line":39,"column":32}},"39":{"start":{"line":40,"column":0},"end":{"line":40,"column":77}},"40":{"start":{"line":41,"column":0},"end":{"line":41,"column":68}},"41":{"start":{"line":42,"column":0},"end":{"line":42,"column":71}},"42":{"start":{"line":43,"column":0},"end":{"line":43,"column":25}},"43":{"start":{"line":44,"column":0},"end":{"line":44,"column":29}},"44":{"start":{"line":45,"column":0},"end":{"line":45,"column":5}},"45":{"start":{"line":46,"column":0},"end":{"line":46,"column":0}},"46":{"start":{"line":47,"column":0},"end":{"line":47,"column":52}},"47":{"start":{"line":48,"column":0},"end":{"line":48,"column":84}},"48":{"start":{"line":49,"column":0},"end":{"line":49,"column":28}},"49":{"start":{"line":50,"column":0},"end":{"line":50,"column":5}},"50":{"start":{"line":51,"column":0},"end":{"line":51,"column":0}},"51":{"start":{"line":52,"column":0},"end":{"line":52,"column":41}},"52":{"start":{"line":53,"column":0},"end":{"line":53,"column":65}},"53":{"start":{"line":54,"column":0},"end":{"line":54,"column":0}},"54":{"start":{"line":55,"column":0},"end":{"line":55,"column":5}},"55":{"start":{"line":56,"column":0},"end":{"line":56,"column":0}},"56":{"start":{"line":57,"column":0},"end":{"line":57,"column":50}},"57":{"start":{"line":58,"column":0},"end":{"line":58,"column":73}},"58":{"start":{"line":59,"column":0},"end":{"line":59,"column":5}},"59":{"start":{"line":60,"column":0},"end":{"line":60,"column":0}},"60":{"start":{"line":61,"column":0},"end":{"line":61,"column":68}},"61":{"start":{"line":62,"column":0},"end":{"line":62,"column":77}},"62":{"start":{"line":63,"column":0},"end":{"line":63,"column":5}},"63":{"start":{"line":64,"column":0},"end":{"line":64,"column":0}},"64":{"start":{"line":65,"column":0},"end":{"line":65,"column":39}},"65":{"start":{"line":66,"column":0},"end":{"line":66,"column":53}},"66":{"start":{"line":67,"column":0},"end":{"line":67,"column":5}},"67":{"start":{"line":68,"column":0},"end":{"line":68,"column":1}},"68":{"start":{"line":69,"column":0},"end":{"line":69,"column":0}},"69":{"start":{"line":70,"column":0},"end":{"line":70,"column":37}}},"s":{"0":1,"1":1,"2":1,"3":1,"4":1,"5":1,"6":0,"7":0,"8":0,"9":0,"10":0,"11":0,"12":1,"13":1,"14":0,"15":0,"16":0,"17":0,"18":0,"19":0,"20":0,"21":0,"22":0,"23":0,"24":0,"25":0,"26":0,"27":0,"28":0,"29":1,"30":1,"31":1,"32":1,"33":9,"34":1,"35":1,"36":1,"37":1,"38":1,"39":1,"40":1,"41":9,"42":1,"43":1,"44":1,"45":1,"46":1,"47":1,"48":1,"49":1,"50":1,"51":1,"52":1,"53":1,"54":1,"55":1,"56":1,"57":1,"58":1,"59":1,"60":1,"61":1,"62":1,"63":1,"64":1,"65":1,"66":1,"67":1,"68":1,"69":1},"branchMap":{"0":{"type":"branch","line":31,"loc":{"start":{"line":31,"column":10},"end":{"line":37,"column":5}},"locations":[{"start":{"line":31,"column":10},"end":{"line":37,"column":5}}]},"1":{"type":"branch","line":33,"loc":{"start":{"line":33,"column":49},"end":{"line":35,"column":9}},"locations":[{"start":{"line":33,"column":49},"end":{"line":35,"column":9}}]},"2":{"type":"branch","line":34,"loc":{"start":{"line":34,"column":56},"end":{"line":34,"column":63}},"locations":[{"start":{"line":34,"column":56},"end":{"line":34,"column":63}}]},"3":{"type":"branch","line":39,"loc":{"start":{"line":39,"column":10},"end":{"line":45,"column":5}},"locations":[{"start":{"line":39,"column":10},"end":{"line":45,"column":5}}]},"4":{"type":"branch","line":41,"loc":{"start":{"line":41,"column":49},"end":{"line":43,"column":9}},"locations":[{"start":{"line":41,"column":49},"end":{"line":43,"column":9}}]},"5":{"type":"branch","line":42,"loc":{"start":{"line":42,"column":56},"end":{"line":42,"column":63}},"locations":[{"start":{"line":42,"column":56},"end":{"line":42,"column":63}}]},"6":{"type":"branch","line":42,"loc":{"start":{"line":42,"column":64},"end":{"line":42,"column":71}},"locations":[{"start":{"line":42,"column":64},"end":{"line":42,"column":71}}]},"7":{"type":"branch","line":47,"loc":{"start":{"line":47,"column":10},"end":{"line":50,"column":5}},"locations":[{"start":{"line":47,"column":10},"end":{"line":50,"column":5}}]},"8":{"type":"branch","line":52,"loc":{"start":{"line":52,"column":10},"end":{"line":55,"column":5}},"locations":[{"start":{"line":52,"column":10},"end":{"line":55,"column":5}}]},"9":{"type":"branch","line":57,"loc":{"start":{"line":57,"column":10},"end":{"line":59,"column":5}},"locations":[{"start":{"line":57,"column":10},"end":{"line":59,"column":5}}]},"10":{"type":"branch","line":61,"loc":{"start":{"line":61,"column":10},"end":{"line":63,"column":5}},"locations":[{"start":{"line":61,"column":10},"end":{"line":63,"column":5}}]},"11":{"type":"branch","line":65,"loc":{"start":{"line":65,"column":10},"end":{"line":67,"column":5}},"locations":[{"start":{"line":65,"column":10},"end":{"line":67,"column":5}}]}},"b":{"0":[1],"1":[9],"2":[0],"3":[1],"4":[9],"5":[1],"6":[8],"7":[1],"8":[1],"9":[1],"10":[1],"11":[1]},"fnMap":{"0":{"name":"buscaQuadrinho","decl":{"start":{"line":6,"column":10},"end":{"line":12,"column":5}},"loc":{"start":{"line":6,"column":10},"end":{"line":12,"column":5}},"line":6},"1":{"name":"salvaQuadrinhoBanco","decl":{"start":{"line":14,"column":10},"end":{"line":29,"column":5}},"loc":{"start":{"line":14,"column":10},"end":{"line":29,"column":5}},"line":14},"2":{"name":"buscaMenorQuadrinho","decl":{"start":{"line":31,"column":10},"end":{"line":37,"column":5}},"loc":{"start":{"line":31,"column":10},"end":{"line":37,"column":5}},"line":31},"3":{"name":"buscaMaiorQuadrinho","decl":{"start":{"line":39,"column":10},"end":{"line":45,"column":5}},"loc":{"start":{"line":39,"column":10},"end":{"line":45,"column":5}},"line":39},"4":{"name":"criaNovoQuadrinho","decl":{"start":{"line":47,"column":10},"end":{"line":50,"column":5}},"loc":{"start":{"line":47,"column":10},"end":{"line":50,"column":5}},"line":47},"5":{"name":"buscaTodosQuadrinhosInterno","decl":{"start":{"line":52,"column":10},"end":{"line":55,"column":5}},"loc":{"start":{"line":52,"column":10},"end":{"line":55,"column":5}},"line":52},"6":{"name":"buscaQuadrinhoUnico","decl":{"start":{"line":57,"column":10},"end":{"line":59,"column":5}},"loc":{"start":{"line":57,"column":10},"end":{"line":59,"column":5}},"line":57},"7":{"name":"atualizaQuadrinho","decl":{"start":{"line":61,"column":10},"end":{"line":63,"column":5}},"loc":{"start":{"line":61,"column":10},"end":{"line":63,"column":5}},"line":61},"8":{"name":"deletaQuadrinho","decl":{"start":{"line":65,"column":10},"end":{"line":67,"column":5}},"loc":{"start":{"line":65,"column":10},"end":{"line":67,"column":5}},"line":65}},"f":{"0":0,"1":0,"2":1,"3":1,"4":1,"5":1,"6":1,"7":1,"8":1}}
}
