TN:
SF:src\app.ts
FN:11,App
FN:17,middleware
FN:25,database
FNF:3
FNH:3
FNDA:3,App
FNDA:3,middleware
FNDA:3,database
DA:1,1
DA:2,1
DA:3,1
DA:4,1
DA:5,1
DA:6,1
DA:7,1
DA:8,1
DA:9,1
DA:10,1
DA:11,1
DA:12,3
DA:13,3
DA:14,3
DA:15,3
DA:16,1
DA:17,1
DA:18,3
DA:19,3
DA:20,3
DA:21,3
DA:22,3
DA:23,3
DA:24,1
DA:25,1
DA:26,3
DA:27,3
DA:28,3
DA:29,3
DA:30,3
DA:31,0
DA:32,0
DA:33,3
DA:34,1
DA:35,1
DA:36,1
DA:37,1
LF:37
LH:35
BRDA:11,0,0,3
BRDA:17,1,0,3
BRDA:25,2,0,3
BRDA:30,3,0,0
BRF:4
BRH:3
end_of_record
TN:
SF:src\controller\criador.controller.ts
FN:6,salvaCriadorBanco
FN:11,buscaTodosCriadores
FN:16,buscaCriadorUnico
FN:21,criaNovoCriador
FN:26,atualizaCriador
FN:31,deletaCriador
FN:36,buscaCriadorComMenosQuadrinho
FN:41,buscaCriadorComMaisQuadrinho
FNF:8
FNH:7
FNDA:0,salvaCriadorBanco
FNDA:1,buscaTodosCriadores
FNDA:1,buscaCriadorUnico
FNDA:1,criaNovoCriador
FNDA:1,atualizaCriador
FNDA:1,deletaCriador
FNDA:1,buscaCriadorComMenosQuadrinho
FNDA:1,buscaCriadorComMaisQuadrinho
DA:1,1
DA:2,1
DA:3,1
DA:4,1
DA:5,1
DA:6,1
DA:7,0
DA:8,0
DA:9,0
DA:10,1
DA:11,1
DA:12,1
DA:13,1
DA:14,1
DA:15,1
DA:16,1
DA:17,1
DA:18,1
DA:19,1
DA:20,1
DA:21,1
DA:22,1
DA:23,1
DA:24,1
DA:25,1
DA:26,1
DA:27,1
DA:28,1
DA:29,1
DA:30,1
DA:31,1
DA:32,1
DA:33,1
DA:34,1
DA:35,1
DA:36,1
DA:37,1
DA:38,1
DA:39,1
DA:40,1
DA:41,1
DA:42,1
DA:43,1
DA:44,1
DA:45,1
DA:46,1
DA:47,1
LF:47
LH:44
BRDA:11,0,0,1
BRDA:16,1,0,1
BRDA:21,2,0,1
BRDA:26,3,0,1
BRDA:31,4,0,1
BRDA:36,5,0,1
BRDA:41,6,0,1
BRF:7
BRH:7
end_of_record
TN:
SF:src\controller\personagens.controller.ts
FN:6,salvaPersonagemBanco
FN:11,criaPersonagem
FN:16,buscaSeriesPorPersonagem
FN:21,buscaTodosPersonagens
FN:26,buscaPersonagemUnico
FN:31,atualizaPersonagem
FN:36,deletaPersonagem
FNF:7
FNH:4
FNDA:0,salvaPersonagemBanco
FNDA:2,criaPersonagem
FNDA:0,buscaSeriesPorPersonagem
FNDA:1,buscaTodosPersonagens
FNDA:1,buscaPersonagemUnico
FNDA:0,atualizaPersonagem
FNDA:1,deletaPersonagem
DA:1,1
DA:2,1
DA:3,1
DA:4,1
DA:5,1
DA:6,1
DA:7,0
DA:8,0
DA:9,0
DA:10,1
DA:11,1
DA:12,2
DA:13,2
DA:14,2
DA:15,1
DA:16,1
DA:17,0
DA:18,0
DA:19,0
DA:20,1
DA:21,1
DA:22,1
DA:23,1
DA:24,1
DA:25,1
DA:26,1
DA:27,1
DA:28,1
DA:29,1
DA:30,1
DA:31,1
DA:32,0
DA:33,0
DA:34,0
DA:35,1
DA:36,1
DA:37,1
DA:38,1
DA:39,1
DA:40,1
DA:41,1
DA:42,1
LF:42
LH:33
BRDA:11,0,0,2
BRDA:21,1,0,1
BRDA:26,2,0,1
BRDA:36,3,0,1
BRF:4
BRH:4
end_of_record
TN:
SF:src\controller\quadrinho.controller.ts
FN:6,buscaQuadrinhos
FN:11,criaNovoQuadrinho
FN:16,buscaQuadrinhosInterno
FN:21,buscaQuadrinhoUnico
FN:26,atualizaQuadrinho
FN:31,deletaQuadrinho
FN:36,buscaMenorQuadrinho
FN:41,buscaMaiorQuadrinho
FNF:8
FNH:7
FNDA:0,buscaQuadrinhos
FNDA:1,criaNovoQuadrinho
FNDA:1,buscaQuadrinhosInterno
FNDA:1,buscaQuadrinhoUnico
FNDA:1,atualizaQuadrinho
FNDA:1,deletaQuadrinho
FNDA:1,buscaMenorQuadrinho
FNDA:1,buscaMaiorQuadrinho
DA:1,1
DA:2,1
DA:3,1
DA:4,1
DA:5,1
DA:6,1
DA:7,0
DA:8,0
DA:9,0
DA:10,1
DA:11,1
DA:12,1
DA:13,1
DA:14,1
DA:15,1
DA:16,1
DA:17,1
DA:18,1
DA:19,1
DA:20,1
DA:21,1
DA:22,1
DA:23,1
DA:24,1
DA:25,1
DA:26,1
DA:27,1
DA:28,1
DA:29,1
DA:30,1
DA:31,1
DA:32,1
DA:33,1
DA:34,1
DA:35,1
DA:36,1
DA:37,1
DA:38,1
DA:39,1
DA:40,1
DA:41,1
DA:42,1
DA:43,1
DA:44,1
DA:45,1
DA:46,1
DA:47,1
DA:48,1
LF:48
LH:45
BRDA:11,0,0,1
BRDA:16,1,0,1
BRDA:21,2,0,1
BRDA:26,3,0,1
BRDA:31,4,0,1
BRDA:36,5,0,1
BRDA:41,6,0,1
BRF:7
BRH:7
end_of_record
TN:
SF:src\repository\criador.repository.ts
FN:6,salvaCriadorBanco
FN:10,buscaTodosCriadores
FN:14,buscaCriadorUnico
FN:18,criaNovoCriador
FN:22,atualizaCriador
FN:26,deletaCriador
FNF:6
FNH:5
FNDA:0,salvaCriadorBanco
FNDA:3,buscaTodosCriadores
FNDA:1,buscaCriadorUnico
FNDA:1,criaNovoCriador
FNDA:1,atualizaCriador
FNDA:1,deletaCriador
DA:1,1
DA:2,1
DA:3,1
DA:4,1
DA:5,1
DA:6,1
DA:7,0
DA:8,0
DA:9,1
DA:10,1
DA:11,3
DA:12,3
DA:13,1
DA:14,1
DA:15,1
DA:16,1
DA:17,1
DA:18,1
DA:19,1
DA:20,1
DA:21,1
DA:22,1
DA:23,1
DA:24,1
DA:25,1
DA:26,1
DA:27,1
DA:28,1
DA:29,1
DA:30,1
LF:30
LH:28
BRDA:10,0,0,3
BRDA:14,1,0,1
BRDA:18,2,0,1
BRDA:22,3,0,1
BRDA:26,4,0,1
BRF:5
BRH:5
end_of_record
TN:
SF:src\repository\personagem.repository.ts
FN:6,salvarPersonagensBanco
FN:11,buscaSeriesPorPersonagem
FN:15,criaPersonagem
FN:19,buscaPersonagemUnico
FN:23,buscaTodosPersonagens
FN:27,atualizaPersonagem
FN:31,deletaPersonagem
FNF:7
FNH:4
FNDA:0,salvarPersonagensBanco
FNDA:0,buscaSeriesPorPersonagem
FNDA:2,criaPersonagem
FNDA:1,buscaPersonagemUnico
FNDA:1,buscaTodosPersonagens
FNDA:0,atualizaPersonagem
FNDA:1,deletaPersonagem
DA:1,1
DA:2,1
DA:3,1
DA:4,1
DA:5,1
DA:6,1
DA:7,0
DA:8,0
DA:9,0
DA:10,1
DA:11,1
DA:12,0
DA:13,0
DA:14,1
DA:15,1
DA:16,2
DA:17,2
DA:18,1
DA:19,1
DA:20,1
DA:21,1
DA:22,1
DA:23,1
DA:24,1
DA:25,1
DA:26,1
DA:27,1
DA:28,0
DA:29,0
DA:30,1
DA:31,1
DA:32,1
DA:33,1
DA:34,1
DA:35,1
LF:35
LH:28
BRDA:15,0,0,2
BRDA:19,1,0,1
BRDA:23,2,0,1
BRDA:31,3,0,1
BRF:4
BRH:4
end_of_record
TN:
SF:src\repository\quadrinho.repository.ts
FN:7,salvarQuadrinhos
FN:12,criaNovoQuadrinho
FN:16,storysPorQuadrinho
FN:20,retornaTodosQuadrinhos
FN:24,retornaQuadrinhoUnico
FN:28,atualizaQuadrinho
FN:32,deletaQuadrinho
FNF:7
FNH:5
FNDA:0,salvarQuadrinhos
FNDA:1,criaNovoQuadrinho
FNDA:0,storysPorQuadrinho
FNDA:3,retornaTodosQuadrinhos
FNDA:1,retornaQuadrinhoUnico
FNDA:1,atualizaQuadrinho
FNDA:1,deletaQuadrinho
DA:1,1
DA:2,1
DA:3,1
DA:4,1
DA:5,1
DA:6,1
DA:7,1
DA:8,0
DA:9,0
DA:10,0
DA:11,1
DA:12,1
DA:13,1
DA:14,1
DA:15,1
DA:16,1
DA:17,0
DA:18,0
DA:19,1
DA:20,1
DA:21,3
DA:22,3
DA:23,1
DA:24,1
DA:25,1
DA:26,1
DA:27,1
DA:28,1
DA:29,1
DA:30,1
DA:31,1
DA:32,1
DA:33,1
DA:34,1
DA:35,1
DA:36,1
DA:37,1
DA:38,1
DA:39,1
LF:39
LH:34
BRDA:12,0,0,1
BRDA:20,1,0,3
BRDA:24,2,0,1
BRDA:28,3,0,1
BRDA:32,4,0,1
BRF:5
BRH:5
end_of_record
TN:
SF:src\routes\criador.routes.ts
FNF:0
FNH:0
DA:1,1
DA:2,1
DA:3,1
DA:4,1
DA:5,1
DA:6,1
DA:7,1
DA:8,1
DA:9,1
DA:10,1
DA:11,1
DA:12,1
DA:13,1
DA:14,1
DA:15,1
DA:16,1
DA:17,1
DA:18,1
LF:18
LH:18
BRF:0
BRH:0
end_of_record
TN:
SF:src\routes\personagem.route.ts
FNF:0
FNH:0
DA:1,1
DA:2,1
DA:3,1
DA:4,1
DA:5,1
DA:6,1
DA:7,1
DA:8,1
DA:9,1
DA:10,1
DA:11,1
DA:12,1
DA:13,1
DA:14,1
DA:15,1
DA:16,1
DA:17,1
DA:18,1
LF:18
LH:18
BRF:0
BRH:0
end_of_record
TN:
SF:src\routes\quadrinho.route.ts
FNF:0
FNH:0
DA:1,1
DA:2,1
DA:3,1
DA:4,1
DA:5,1
DA:6,1
DA:7,1
DA:8,1
DA:9,1
DA:10,1
DA:11,1
DA:12,1
DA:13,1
DA:14,1
DA:15,1
DA:16,1
DA:17,1
DA:18,1
LF:18
LH:18
BRF:0
BRH:0
end_of_record
TN:
SF:src\schema\criador.schema.ts
FNF:0
FNH:0
DA:1,1
DA:2,1
DA:3,1
DA:4,1
DA:5,1
DA:6,1
DA:7,1
DA:8,1
DA:9,1
DA:10,1
DA:11,1
LF:11
LH:11
BRF:0
BRH:0
end_of_record
TN:
SF:src\schema\personagem.schema.ts
FNF:0
FNH:0
DA:1,1
DA:2,1
DA:3,1
DA:4,1
DA:5,1
DA:6,1
DA:7,1
DA:8,1
DA:9,1
DA:10,1
DA:11,1
DA:12,1
DA:13,1
LF:13
LH:13
BRF:0
BRH:0
end_of_record
TN:
SF:src\schema\quadrinho.schema.ts
FNF:0
FNH:0
DA:1,1
DA:2,1
DA:3,1
DA:4,1
DA:5,1
DA:6,1
DA:7,1
DA:8,1
DA:9,1
DA:10,1
DA:11,1
DA:12,1
DA:13,1
DA:14,1
LF:14
LH:14
BRF:0
BRH:0
end_of_record
TN:
SF:src\service\criador.service.ts
FN:6,criadorService
FN:10,buscaQuadrinhosPorCriador
FN:21,salvaCriadorBanco
FN:37,criadorComMenosQuadrinhos
FN:45,criadorComMaisQuadrinhos
FN:53,buscaTodosCriadores
FN:57,buscaCriadorUnico
FN:61,criaNovoCriador
FN:65,atualizaCriador
FN:69,deletaCriador
FNF:10
FNH:8
FNDA:3,criadorService
FNDA:0,buscaQuadrinhosPorCriador
FNDA:0,salvaCriadorBanco
FNDA:1,criadorComMenosQuadrinhos
FNDA:1,criadorComMaisQuadrinhos
FNDA:1,buscaTodosCriadores
FNDA:1,buscaCriadorUnico
FNDA:1,criaNovoCriador
FNDA:1,atualizaCriador
FNDA:1,deletaCriador
DA:1,1
DA:2,1
DA:3,1
DA:4,1
DA:5,1
DA:6,3
DA:7,3
DA:8,3
DA:9,3
DA:10,3
DA:11,0
DA:12,0
DA:13,0
DA:14,0
DA:15,0
DA:16,0
DA:17,0
DA:18,0
DA:19,0
DA:20,3
DA:21,3
DA:22,0
DA:23,0
DA:24,0
DA:25,0
DA:26,0
DA:27,0
DA:28,0
DA:29,0
DA:30,0
DA:31,0
DA:32,0
DA:33,0
DA:34,0
DA:35,0
DA:36,3
DA:37,3
DA:38,1
DA:39,1
DA:40,29
DA:41,1
DA:42,1
DA:43,1
DA:44,3
DA:45,3
DA:46,1
DA:47,1
DA:48,29
DA:49,1
DA:50,1
DA:51,1
DA:52,3
DA:53,3
DA:54,1
DA:55,1
DA:56,3
DA:57,3
DA:58,1
DA:59,1
DA:60,3
DA:61,3
DA:62,1
DA:63,1
DA:64,3
DA:65,3
DA:66,1
DA:67,1
DA:68,3
DA:69,3
DA:70,1
DA:71,1
DA:72,3
DA:73,3
DA:74,3
DA:75,3
DA:76,3
DA:77,3
DA:78,3
DA:79,1
DA:80,1
LF:80
LH:57
BRDA:6,0,0,3
BRDA:37,1,0,1
BRDA:39,2,0,29
BRDA:40,3,0,26
BRDA:40,4,0,3
BRDA:45,5,0,1
BRDA:47,6,0,29
BRDA:48,7,0,9
BRDA:48,8,0,20
BRDA:53,9,0,1
BRDA:57,10,0,1
BRDA:61,11,0,1
BRDA:65,12,0,1
BRDA:69,13,0,1
BRF:14
BRH:14
end_of_record
TN:
SF:src\service\personagem.service.ts
FN:6,buscaPersonagensDaSerie
FN:14,buscaSeriesPorPersonagem
FN:21,salvaPersonagemBanco
FN:35,criaPersonagem
FN:39,buscaPersonagemUnico
FN:43,buscaTodosPersonagens
FN:47,atualizaPersonagem
FN:51,deletaPersonagem
FNF:8
FNH:4
FNDA:0,buscaPersonagensDaSerie
FNDA:0,buscaSeriesPorPersonagem
FNDA:0,salvaPersonagemBanco
FNDA:2,criaPersonagem
FNDA:1,buscaPersonagemUnico
FNDA:1,buscaTodosPersonagens
FNDA:0,atualizaPersonagem
FNDA:1,deletaPersonagem
DA:1,1
DA:2,1
DA:3,1
DA:4,1
DA:5,1
DA:6,1
DA:7,0
DA:8,0
DA:9,0
DA:10,0
DA:11,0
DA:12,0
DA:13,1
DA:14,1
DA:15,0
DA:16,0
DA:17,0
DA:18,0
DA:19,0
DA:20,1
DA:21,1
DA:22,0
DA:23,0
DA:24,0
DA:25,0
DA:26,0
DA:27,0
DA:28,0
DA:29,0
DA:30,0
DA:31,0
DA:32,0
DA:33,0
DA:34,1
DA:35,1
DA:36,2
DA:37,2
DA:38,1
DA:39,1
DA:40,1
DA:41,1
DA:42,1
DA:43,1
DA:44,1
DA:45,1
DA:46,1
DA:47,1
DA:48,0
DA:49,0
DA:50,1
DA:51,1
DA:52,1
DA:53,1
DA:54,1
DA:55,1
LF:55
LH:30
BRDA:35,0,0,2
BRDA:39,1,0,1
BRDA:43,2,0,1
BRDA:51,3,0,1
BRF:4
BRH:4
end_of_record
TN:
SF:src\service\quadrinho.service.ts
FN:6,buscaQuadrinho
FN:14,salvaQuadrinhoBanco
FN:31,buscaMenorQuadrinho
FN:39,buscaMaiorQuadrinho
FN:47,criaNovoQuadrinho
FN:52,buscaTodosQuadrinhosInterno
FN:57,buscaQuadrinhoUnico
FN:61,atualizaQuadrinho
FN:65,deletaQuadrinho
FNF:9
FNH:7
FNDA:0,buscaQuadrinho
FNDA:0,salvaQuadrinhoBanco
FNDA:1,buscaMenorQuadrinho
FNDA:1,buscaMaiorQuadrinho
FNDA:1,criaNovoQuadrinho
FNDA:1,buscaTodosQuadrinhosInterno
FNDA:1,buscaQuadrinhoUnico
FNDA:1,atualizaQuadrinho
FNDA:1,deletaQuadrinho
DA:1,1
DA:2,1
DA:3,1
DA:4,1
DA:5,1
DA:6,1
DA:7,0
DA:8,0
DA:9,0
DA:10,0
DA:11,0
DA:12,0
DA:13,1
DA:14,1
DA:15,0
DA:16,0
DA:17,0
DA:18,0
DA:19,0
DA:20,0
DA:21,0
DA:22,0
DA:23,0
DA:24,0
DA:25,0
DA:26,0
DA:27,0
DA:28,0
DA:29,0
DA:30,1
DA:31,1
DA:32,1
DA:33,1
DA:34,9
DA:35,1
DA:36,1
DA:37,1
DA:38,1
DA:39,1
DA:40,1
DA:41,1
DA:42,9
DA:43,1
DA:44,1
DA:45,1
DA:46,1
DA:47,1
DA:48,1
DA:49,1
DA:50,1
DA:51,1
DA:52,1
DA:53,1
DA:54,1
DA:55,1
DA:56,1
DA:57,1
DA:58,1
DA:59,1
DA:60,1
DA:61,1
DA:62,1
DA:63,1
DA:64,1
DA:65,1
DA:66,1
DA:67,1
DA:68,1
DA:69,1
DA:70,1
LF:70
LH:49
BRDA:31,0,0,1
BRDA:33,1,0,9
BRDA:34,2,0,0
BRDA:39,3,0,1
BRDA:41,4,0,9
BRDA:42,5,0,1
BRDA:42,6,0,8
BRDA:47,7,0,1
BRDA:52,8,0,1
BRDA:57,9,0,1
BRDA:61,10,0,1
BRDA:65,11,0,1
BRF:12
BRH:11
end_of_record
